# JRE version: OpenJDK Runtime Environment Temurin-21.0.9+10 (21.0.9+10) (build 21.0.9+10-LTS)
# Java VM: OpenJDK 64-Bit Server VM Temurin-21.0.9+10 (21.0.9+10-LTS, mixed mode, sharing, tiered, compressed oops, compressed class ptrs, parallel gc, windows-amd64)
GC Precious Log:
 CardTable entry size: 512
 CPUs: 4 total, 4 available
 Memory: 6045M
 Large Page Support: Disabled
 NUMA Support: Disabled
 Compressed Oops: Enabled (32-bit)
 Alignments: Space 512K, Generation 512K, Heap 2M
 Heap Min Capacity: 100M
 Heap Initial Capacity: 100M
 Heap Max Capacity: 2G
 Pre-touch: Disabled
 Parallel Workers: 4
Heap:
 PSYoungGen      total 20992K, used 1763K [0x00000000d5580000, 0x00000000d6e00000, 0x0000000100000000)
  eden space 20480K, 7% used [0x00000000d5580000,0x00000000d5718cb8,0x00000000d6980000)
  from space 512K, 25% used [0x00000000d6d80000,0x00000000d6da0000,0x00000000d6e00000)
  to   space 512K, 0% used [0x00000000d6d00000,0x00000000d6d00000,0x00000000d6d80000)
 ParOldGen       total 71168K, used 70895K [0x0000000080000000, 0x0000000084580000, 0x00000000d5580000)
  object space 71168K, 99% used [0x0000000080000000,0x000000008453bf10,0x0000000084580000)
 Metaspace       used 75419K, committed 77056K, reserved 1179648K
  class space    used 9280K, committed 10048K, reserved 1048576K
GC Heap History (20 events):
Event: 282005.951 GC heap before
{Heap before GC invocations=194 (full 3):
 PSYoungGen      total 20992K, used 20575K [0x00000000d5580000, 0x00000000d6e00000, 0x0000000100000000)
  eden space 20480K, 99% used [0x00000000d5580000,0x00000000d697fff0,0x00000000d6980000)
  from space 512K, 18% used [0x00000000d6d80000,0x00000000d6d98000,0x00000000d6e00000)
  to   space 512K, 0% used [0x00000000d6d00000,0x00000000d6d00000,0x00000000d6d80000)
 ParOldGen       total 69120K, used 69107K [0x0000000080000000, 0x0000000084380000, 0x00000000d5580000)
  object space 69120K, 99% used [0x0000000080000000,0x000000008437cec0,0x0000000084380000)
 Metaspace       used 74867K, committed 76416K, reserved 1179648K
  class space    used 9212K, committed 9920K, reserved 1048576K
}
Event: 282006.051 GC heap after
{Heap after GC invocations=194 (full 3):
 PSYoungGen      total 20992K, used 96K [0x00000000d5580000, 0x00000000d6e00000, 0x0000000100000000)
  eden space 20480K, 0% used [0x00000000d5580000,0x00000000d5580000,0x00000000d6980000)
  from space 512K, 18% used [0x00000000d6d00000,0x00000000d6d18000,0x00000000d6d80000)
  to   space 512K, 0% used [0x00000000d6d80000,0x00000000d6d80000,0x00000000d6e00000)
 ParOldGen       total 69120K, used 69115K [0x0000000080000000, 0x0000000084380000, 0x00000000d5580000)
  object space 69120K, 99% used [0x0000000080000000,0x000000008437eec0,0x0000000084380000)
 Metaspace       used 74867K, committed 76416K, reserved 1179648K
  class space    used 9212K, committed 9920K, reserved 1048576K
}
Event: 282014.777 GC heap before
{Heap before GC invocations=195 (full 3):
 PSYoungGen      total 20992K, used 20576K [0x00000000d5580000, 0x00000000d6e00000, 0x0000000100000000)
  eden space 20480K, 100% used [0x00000000d5580000,0x00000000d6980000,0x00000000d6980000)
  from space 512K, 18% used [0x00000000d6d00000,0x00000000d6d18000,0x00000000d6d80000)
  to   space 512K, 0% used [0x00000000d6d80000,0x00000000d6d80000,0x00000000d6e00000)
 ParOldGen       total 69120K, used 69115K [0x0000000080000000, 0x0000000084380000, 0x00000000d5580000)
  object space 69120K, 99% used [0x0000000080000000,0x000000008437eec0,0x0000000084380000)
 Metaspace       used 74867K, committed 76416K, reserved 1179648K
  class space    used 9212K, committed 9920K, reserved 1048576K
}
Event: 282014.780 GC heap after
{Heap after GC invocations=195 (full 3):
 PSYoungGen      total 20992K, used 128K [0x00000000d5580000, 0x00000000d6e00000, 0x0000000100000000)
  eden space 20480K, 0% used [0x00000000d5580000,0x00000000d5580000,0x00000000d6980000)
  from space 512K, 25% used [0x00000000d6d80000,0x00000000d6da0000,0x00000000d6e00000)
  to   space 512K, 0% used [0x00000000d6d00000,0x00000000d6d00000,0x00000000d6d80000)
 ParOldGen       total 69632K, used 69147K [0x0000000080000000, 0x0000000084400000, 0x00000000d5580000)
  object space 69632K, 99% used [0x0000000080000000,0x0000000084386ec0,0x0000000084400000)
 Metaspace       used 74867K, committed 76416K, reserved 1179648K
  class space    used 9212K, committed 9920K, reserved 1048576K
}
Event: 282026.251 GC heap before
{Heap before GC invocations=196 (full 3):
 PSYoungGen      total 20992K, used 20608K [0x00000000d5580000, 0x00000000d6e00000, 0x0000000100000000)
  eden space 20480K, 100% used [0x00000000d5580000,0x00000000d6980000,0x00000000d6980000)
  from space 512K, 25% used [0x00000000d6d80000,0x00000000d6da0000,0x00000000d6e00000)
  to   space 512K, 0% used [0x00000000d6d00000,0x00000000d6d00000,0x00000000d6d80000)
 ParOldGen       total 69632K, used 69147K [0x0000000080000000, 0x0000000084400000, 0x00000000d5580000)
  object space 69632K, 99% used [0x0000000080000000,0x0000000084386ec0,0x0000000084400000)
 Metaspace       used 75258K, committed 76928K, reserved 1179648K
  class space    used 9270K, committed 10048K, reserved 1048576K
}
Event: 282026.259 GC heap after
{Heap after GC invocations=196 (full 3):
 PSYoungGen      total 20992K, used 512K [0x00000000d5580000, 0x00000000d6e00000, 0x0000000100000000)
  eden space 20480K, 0% used [0x00000000d5580000,0x00000000d5580000,0x00000000d6980000)
  from space 512K, 100% used [0x00000000d6d00000,0x00000000d6d80000,0x00000000d6d80000)
  to   space 512K, 0% used [0x00000000d6d80000,0x00000000d6d80000,0x00000000d6e00000)
 ParOldGen       total 69632K, used 69539K [0x0000000080000000, 0x0000000084400000, 0x00000000d5580000)
  object space 69632K, 99% used [0x0000000080000000,0x00000000843e8ed0,0x0000000084400000)
 Metaspace       used 75258K, committed 76928K, reserved 1179648K
  class space    used 9270K, committed 10048K, reserved 1048576K
}
Event: 282030.849 GC heap before
{Heap before GC invocations=197 (full 3):
 PSYoungGen      total 20992K, used 20992K [0x00000000d5580000, 0x00000000d6e00000, 0x0000000100000000)
  eden space 20480K, 100% used [0x00000000d5580000,0x00000000d6980000,0x00000000d6980000)
  from space 512K, 100% used [0x00000000d6d00000,0x00000000d6d80000,0x00000000d6d80000)
  to   space 512K, 0% used [0x00000000d6d80000,0x00000000d6d80000,0x00000000d6e00000)
 ParOldGen       total 69632K, used 69539K [0x0000000080000000, 0x0000000084400000, 0x00000000d5580000)
  object space 69632K, 99% used [0x0000000080000000,0x00000000843e8ed0,0x0000000084400000)
 Metaspace       used 75262K, committed 76928K, reserved 1179648K
  class space    used 9270K, committed 10048K, reserved 1048576K
}
Event: 282030.854 GC heap after
{Heap after GC invocations=197 (full 3):
 PSYoungGen      total 20992K, used 224K [0x00000000d5580000, 0x00000000d6e00000, 0x0000000100000000)
  eden space 20480K, 0% used [0x00000000d5580000,0x00000000d5580000,0x00000000d6980000)
  from space 512K, 43% used [0x00000000d6d80000,0x00000000d6db8000,0x00000000d6e00000)
  to   space 512K, 0% used [0x00000000d6d00000,0x00000000d6d00000,0x00000000d6d80000)
 ParOldGen       total 70144K, used 70043K [0x0000000080000000, 0x0000000084480000, 0x00000000d5580000)
  object space 70144K, 99% used [0x0000000080000000,0x0000000084466ed0,0x0000000084480000)
 Metaspace       used 75262K, committed 76928K, reserved 1179648K
  class space    used 9270K, committed 10048K, reserved 1048576K
}
Event: 282045.766 GC heap before
{Heap before GC invocations=198 (full 3):
 PSYoungGen      total 20992K, used 20704K [0x00000000d5580000, 0x00000000d6e00000, 0x0000000100000000)
  eden space 20480K, 100% used [0x00000000d5580000,0x00000000d6980000,0x00000000d6980000)
  from space 512K, 43% used [0x00000000d6d80000,0x00000000d6db8000,0x00000000d6e00000)
  to   space 512K, 0% used [0x00000000d6d00000,0x00000000d6d00000,0x00000000d6d80000)
 ParOldGen       total 70144K, used 70043K [0x0000000080000000, 0x0000000084480000, 0x00000000d5580000)
  object space 70144K, 99% used [0x0000000080000000,0x0000000084466ed0,0x0000000084480000)
 Metaspace       used 75408K, committed 77056K, reserved 1179648K
  class space    used 9280K, committed 10048K, reserved 1048576K
}
Event: 282045.771 GC heap after
{Heap after GC invocations=198 (full 3):
 PSYoungGen      total 20992K, used 512K [0x00000000d5580000, 0x00000000d6e00000, 0x0000000100000000)
  eden space 20480K, 0% used [0x00000000d5580000,0x00000000d5580000,0x00000000d6980000)
  from space 512K, 100% used [0x00000000d6d00000,0x00000000d6d80000,0x00000000d6d80000)
  to   space 512K, 0% used [0x00000000d6d80000,0x00000000d6d80000,0x00000000d6e00000)
 ParOldGen       total 70656K, used 70315K [0x0000000080000000, 0x0000000084500000, 0x00000000d5580000)
  object space 70656K, 99% used [0x0000000080000000,0x00000000844aaed0,0x0000000084500000)
 Metaspace       used 75408K, committed 77056K, reserved 1179648K
  class space    used 9280K, committed 10048K, reserved 1048576K
}
Event: 282056.792 GC heap before
{Heap before GC invocations=199 (full 3):
 PSYoungGen      total 20992K, used 20992K [0x00000000d5580000, 0x00000000d6e00000, 0x0000000100000000)
  eden space 20480K, 100% used [0x00000000d5580000,0x00000000d6980000,0x00000000d6980000)
  from space 512K, 100% used [0x00000000d6d00000,0x00000000d6d80000,0x00000000d6d80000)
  to   space 512K, 0% used [0x00000000d6d80000,0x00000000d6d80000,0x00000000d6e00000)
 ParOldGen       total 70656K, used 70315K [0x0000000080000000, 0x0000000084500000, 0x00000000d5580000)
  object space 70656K, 99% used [0x0000000080000000,0x00000000844aaed0,0x0000000084500000)
 Metaspace       used 75408K, committed 77056K, reserved 1179648K
  class space    used 9280K, committed 10048K, reserved 1048576K
}
Event: 282056.796 GC heap after
{Heap after GC invocations=199 (full 3):
 PSYoungGen      total 20992K, used 32K [0x00000000d5580000, 0x00000000d6e00000, 0x0000000100000000)
  eden space 20480K, 0% used [0x00000000d5580000,0x00000000d5580000,0x00000000d6980000)
  from space 512K, 6% used [0x00000000d6d80000,0x00000000d6d88000,0x00000000d6e00000)
  to   space 512K, 0% used [0x00000000d6d00000,0x00000000d6d00000,0x00000000d6d80000)
 ParOldGen       total 71168K, used 70839K [0x0000000080000000, 0x0000000084580000, 0x00000000d5580000)
  object space 71168K, 99% used [0x0000000080000000,0x000000008452df10,0x0000000084580000)
 Metaspace       used 75408K, committed 77056K, reserved 1179648K
  class space    used 9280K, committed 10048K, reserved 1048576K
}
Event: 282066.762 GC heap before
{Heap before GC invocations=200 (full 3):
 PSYoungGen      total 20992K, used 20512K [0x00000000d5580000, 0x00000000d6e00000, 0x0000000100000000)
  eden space 20480K, 100% used [0x00000000d5580000,0x00000000d6980000,0x00000000d6980000)
  from space 512K, 6% used [0x00000000d6d80000,0x00000000d6d88000,0x00000000d6e00000)
  to   space 512K, 0% used [0x00000000d6d00000,0x00000000d6d00000,0x00000000d6d80000)
 ParOldGen       total 71168K, used 70839K [0x0000000080000000, 0x0000000084580000, 0x00000000d5580000)
  object space 71168K, 99% used [0x0000000080000000,0x000000008452df10,0x0000000084580000)
 Metaspace       used 75408K, committed 77056K, reserved 1179648K
  class space    used 9280K, committed 10048K, reserved 1048576K
}
Event: 282066.764 GC heap after
{Heap after GC invocations=200 (full 3):
 PSYoungGen      total 20992K, used 64K [0x00000000d5580000, 0x00000000d6e00000, 0x0000000100000000)
  eden space 20480K, 0% used [0x00000000d5580000,0x00000000d5580000,0x00000000d6980000)
  from space 512K, 12% used [0x00000000d6d00000,0x00000000d6d10000,0x00000000d6d80000)
  to   space 512K, 0% used [0x00000000d6d80000,0x00000000d6d80000,0x00000000d6e00000)
 ParOldGen       total 71168K, used 70855K [0x0000000080000000, 0x0000000084580000, 0x00000000d5580000)
  object space 71168K, 99% used [0x0000000080000000,0x0000000084531f10,0x0000000084580000)
 Metaspace       used 75408K, committed 77056K, reserved 1179648K
  class space    used 9280K, committed 10048K, reserved 1048576K
}
Event: 282070.468 GC heap before
{Heap before GC invocations=201 (full 3):
 PSYoungGen      total 20992K, used 20544K [0x00000000d5580000, 0x00000000d6e00000, 0x0000000100000000)
  eden space 20480K, 100% used [0x00000000d5580000,0x00000000d6980000,0x00000000d6980000)
  from space 512K, 12% used [0x00000000d6d00000,0x00000000d6d10000,0x00000000d6d80000)
  to   space 512K, 0% used [0x00000000d6d80000,0x00000000d6d80000,0x00000000d6e00000)
 ParOldGen       total 71168K, used 70855K [0x0000000080000000, 0x0000000084580000, 0x00000000d5580000)
  object space 71168K, 99% used [0x0000000080000000,0x0000000084531f10,0x0000000084580000)
 Metaspace       used 75408K, committed 77056K, reserved 1179648K
  class space    used 9280K, committed 10048K, reserved 1048576K
}
Event: 282070.470 GC heap after
{Heap after GC invocations=201 (full 3):
 PSYoungGen      total 20992K, used 96K [0x00000000d5580000, 0x00000000d6e00000, 0x0000000100000000)
  eden space 20480K, 0% used [0x00000000d5580000,0x00000000d5580000,0x00000000d6980000)
  from space 512K, 18% used [0x00000000d6d80000,0x00000000d6d98000,0x00000000d6e00000)
  to   space 512K, 0% used [0x00000000d6d00000,0x00000000d6d00000,0x00000000d6d80000)
 ParOldGen       total 71168K, used 70871K [0x0000000080000000, 0x0000000084580000, 0x00000000d5580000)
  object space 71168K, 99% used [0x0000000080000000,0x0000000084535f10,0x0000000084580000)
 Metaspace       used 75408K, committed 77056K, reserved 1179648K
  class space    used 9280K, committed 10048K, reserved 1048576K
}
Event: 282082.583 GC heap before
{Heap before GC invocations=202 (full 3):
 PSYoungGen      total 20992K, used 20576K [0x00000000d5580000, 0x00000000d6e00000, 0x0000000100000000)
  eden space 20480K, 100% used [0x00000000d5580000,0x00000000d6980000,0x00000000d6980000)
  from space 512K, 18% used [0x00000000d6d80000,0x00000000d6d98000,0x00000000d6e00000)
  to   space 512K, 0% used [0x00000000d6d00000,0x00000000d6d00000,0x00000000d6d80000)
 ParOldGen       total 71168K, used 70871K [0x0000000080000000, 0x0000000084580000, 0x00000000d5580000)
  object space 71168K, 99% used [0x0000000080000000,0x0000000084535f10,0x0000000084580000)
 Metaspace       used 75408K, committed 77056K, reserved 1179648K
  class space    used 9280K, committed 10048K, reserved 1048576K
}
Event: 282082.585 GC heap after
{Heap after GC invocations=202 (full 3):
 PSYoungGen      total 20992K, used 64K [0x00000000d5580000, 0x00000000d6e00000, 0x0000000100000000)
  eden space 20480K, 0% used [0x00000000d5580000,0x00000000d5580000,0x00000000d6980000)
  from space 512K, 12% used [0x00000000d6d00000,0x00000000d6d10000,0x00000000d6d80000)
  to   space 512K, 0% used [0x00000000d6d80000,0x00000000d6d80000,0x00000000d6e00000)
 ParOldGen       total 71168K, used 70879K [0x0000000080000000, 0x0000000084580000, 0x00000000d5580000)
  object space 71168K, 99% used [0x0000000080000000,0x0000000084537f10,0x0000000084580000)
 Metaspace       used 75408K, committed 77056K, reserved 1179648K
  class space    used 9280K, committed 10048K, reserved 1048576K
}
Event: 282105.314 GC heap before
{Heap before GC invocations=203 (full 3):
 PSYoungGen      total 20992K, used 20544K [0x00000000d5580000, 0x00000000d6e00000, 0x0000000100000000)
  eden space 20480K, 100% used [0x00000000d5580000,0x00000000d6980000,0x00000000d6980000)
  from space 512K, 12% used [0x00000000d6d00000,0x00000000d6d10000,0x00000000d6d80000)
  to   space 512K, 0% used [0x00000000d6d80000,0x00000000d6d80000,0x00000000d6e00000)
 ParOldGen       total 71168K, used 70879K [0x0000000080000000, 0x0000000084580000, 0x00000000d5580000)
  object space 71168K, 99% used [0x0000000080000000,0x0000000084537f10,0x0000000084580000)
 Metaspace       used 75408K, committed 77056K, reserved 1179648K
  class space    used 9280K, committed 10048K, reserved 1048576K
}
Event: 282105.325 GC heap after
{Heap after GC invocations=203 (full 3):
 PSYoungGen      total 20992K, used 128K [0x00000000d5580000, 0x00000000d6e00000, 0x0000000100000000)
  eden space 20480K, 0% used [0x00000000d5580000,0x00000000d5580000,0x00000000d6980000)
  from space 512K, 25% used [0x00000000d6d80000,0x00000000d6da0000,0x00000000d6e00000)
  to   space 512K, 0% used [0x00000000d6d00000,0x00000000d6d00000,0x00000000d6d80000)
 ParOldGen       total 71168K, used 70895K [0x0000000080000000, 0x0000000084580000, 0x00000000d5580000)
  object space 71168K, 99% used [0x0000000080000000,0x000000008453bf10,0x0000000084580000)
 Metaspace       used 75408K, committed 77056K, reserved 1179648K
  class space    used 9280K, committed 10048K, reserved 1048576K
}

