TN:
SF:src\App.jsx
FN:8,(anonymous_0)
FN:33,(anonymous_1)
FN:67,(anonymous_2)
FN:80,(anonymous_3)
FN:116,(anonymous_4)
FNF:5
FNH:0
FNDA:0,(anonymous_0)
FNDA:0,(anonymous_1)
FNDA:0,(anonymous_2)
FNDA:0,(anonymous_3)
FNDA:0,(anonymous_4)
DA:8,0
DA:9,0
DA:11,0
DA:12,0
DA:22,0
DA:23,0
DA:26,0
DA:30,0
DA:33,0
DA:34,0
DA:36,0
DA:37,0
DA:48,0
DA:49,0
DA:53,0
DA:54,0
DA:57,0
DA:59,0
DA:67,0
DA:77,0
DA:80,0
DA:81,0
DA:83,0
DA:116,0
DA:117,0
LF:25
LH:0
BRDA:11,0,0,0
BRDA:11,0,1,0
BRDA:22,1,0,0
BRDA:22,1,1,0
BRDA:23,2,0,0
BRDA:23,2,1,0
BRDA:23,3,0,0
BRDA:23,3,1,0
BRDA:23,3,2,0
BRDA:26,4,0,0
BRDA:26,4,1,0
BRDA:36,5,0,0
BRDA:36,5,1,0
BRDA:48,6,0,0
BRDA:48,6,1,0
BRDA:53,7,0,0
BRDA:53,7,1,0
BRDA:53,8,0,0
BRDA:53,8,1,0
BRDA:53,8,2,0
BRDA:57,9,0,0
BRDA:57,9,1,0
BRDA:57,10,0,0
BRDA:57,10,1,0
BRDA:67,11,0,0
BRDA:67,11,1,0
BRF:26
BRH:0
end_of_record
TN:
SF:src\firebase.js
FN:38,(anonymous_0)
FN:52,(anonymous_1)
FN:69,(anonymous_2)
FN:70,(anonymous_3)
FN:72,(anonymous_4)
FNF:5
FNH:0
FNDA:0,(anonymous_0)
FNDA:0,(anonymous_1)
FNDA:0,(anonymous_2)
FNDA:0,(anonymous_3)
FNDA:0,(anonymous_4)
DA:14,0
DA:23,0
DA:24,0
DA:25,0
DA:28,0
DA:33,0
DA:38,0
DA:39,0
DA:40,0
DA:41,0
DA:43,0
DA:48,0
DA:49,0
DA:52,0
DA:53,0
DA:55,0
DA:56,0
DA:57,0
DA:58,0
DA:59,0
DA:60,0
DA:63,0
DA:65,0
DA:69,0
DA:70,0
DA:71,0
DA:72,0
DA:73,0
LF:28
LH:0
BRDA:48,0,0,0
BRDA:48,0,1,0
BRDA:48,0,2,0
BRDA:49,1,0,0
BRDA:49,1,1,0
BRDA:53,2,0,0
BRDA:53,2,1,0
BRDA:57,3,0,0
BRDA:57,3,1,0
BRDA:71,4,0,0
BRDA:71,4,1,0
BRF:11
BRH:0
end_of_record
TN:
SF:src\components\DeedsLeafletMap.jsx
FN:11,(anonymous_0)
FN:70,(anonymous_1)
FN:73,(anonymous_2)
FN:78,(anonymous_3)
FN:84,(anonymous_4)
FN:102,(anonymous_5)
FN:110,(anonymous_6)
FN:113,(anonymous_7)
FN:130,(anonymous_8)
FN:136,(anonymous_9)
FN:153,(anonymous_10)
FN:161,(anonymous_11)
FN:168,(anonymous_12)
FN:177,(anonymous_13)
FN:189,(anonymous_14)
FN:196,(anonymous_15)
FN:207,(anonymous_16)
FN:214,(anonymous_17)
FN:219,(anonymous_18)
FN:227,(anonymous_19)
FNF:20
FNH:0
FNDA:0,(anonymous_0)
FNDA:0,(anonymous_1)
FNDA:0,(anonymous_2)
FNDA:0,(anonymous_3)
FNDA:0,(anonymous_4)
FNDA:0,(anonymous_5)
FNDA:0,(anonymous_6)
FNDA:0,(anonymous_7)
FNDA:0,(anonymous_8)
FNDA:0,(anonymous_9)
FNDA:0,(anonymous_10)
FNDA:0,(anonymous_11)
FNDA:0,(anonymous_12)
FNDA:0,(anonymous_13)
FNDA:0,(anonymous_14)
FNDA:0,(anonymous_15)
FNDA:0,(anonymous_16)
FNDA:0,(anonymous_17)
FNDA:0,(anonymous_18)
FNDA:0,(anonymous_19)
DA:11,0
DA:12,0
DA:15,0
DA:36,0
DA:37,0
DA:39,0
DA:40,0
DA:48,0
DA:52,0
DA:61,0
DA:70,0
DA:71,0
DA:73,0
DA:74,0
DA:76,0
DA:77,0
DA:78,0
DA:79,0
DA:80,0
DA:84,0
DA:85,0
DA:86,0
DA:93,0
DA:100,0
DA:102,0
DA:103,0
DA:107,0
DA:110,0
DA:111,0
DA:113,0
DA:114,0
DA:117,0
DA:128,0
DA:129,0
DA:130,0
DA:131,0
DA:132,0
DA:136,0
DA:137,0
DA:138,0
DA:139,0
DA:141,0
DA:148,0
DA:151,0
DA:153,0
DA:154,0
DA:158,0
DA:161,0
DA:162,0
DA:163,0
DA:164,0
DA:165,0
DA:166,0
DA:168,0
DA:169,0
DA:170,0
DA:172,0
DA:177,0
DA:178,0
DA:182,0
DA:184,0
DA:189,0
DA:196,0
DA:207,0
DA:214,0
DA:219,0
DA:228,0
DA:229,0
LF:68
LH:0
BRDA:12,0,0,0
BRDA:12,0,1,0
BRDA:37,1,0,0
BRDA:37,1,1,0
BRDA:74,2,0,0
BRDA:74,2,1,0
BRDA:74,3,0,0
BRDA:74,3,1,0
BRDA:77,4,0,0
BRDA:77,4,1,0
BRDA:79,5,0,0
BRDA:79,5,1,0
BRDA:80,6,0,0
BRDA:80,6,1,0
BRDA:89,7,0,0
BRDA:89,7,1,0
BRDA:89,7,2,0
BRDA:114,8,0,0
BRDA:114,8,1,0
BRDA:114,9,0,0
BRDA:114,9,1,0
BRDA:129,10,0,0
BRDA:129,10,1,0
BRDA:131,11,0,0
BRDA:131,11,1,0
BRDA:132,12,0,0
BRDA:132,12,1,0
BRDA:138,13,0,0
BRDA:138,13,1,0
BRDA:138,14,0,0
BRDA:138,14,1,0
BRDA:142,15,0,0
BRDA:142,15,1,0
BRDA:142,15,2,0
BRDA:143,16,0,0
BRDA:143,16,1,0
BRDA:144,17,0,0
BRDA:144,17,1,0
BRDA:144,18,0,0
BRDA:144,18,1,0
BRDA:144,19,0,0
BRDA:144,19,1,0
BRDA:145,20,0,0
BRDA:145,20,1,0
BRDA:145,20,2,0
BRDA:161,21,0,0
BRDA:161,22,0,0
BRDA:161,23,0,0
BRDA:161,24,0,0
BRDA:169,25,0,0
BRDA:169,25,1,0
BRDA:169,26,0,0
BRDA:169,26,1,0
BRDA:182,27,0,0
BRDA:182,27,1,0
BRDA:186,28,0,0
BRDA:186,28,1,0
BRDA:190,29,0,0
BRDA:190,29,1,0
BRDA:193,30,0,0
BRDA:193,30,1,0
BRDA:197,31,0,0
BRDA:197,31,1,0
BRDA:200,32,0,0
BRDA:200,32,1,0
BRDA:225,33,0,0
BRDA:225,33,1,0
BRDA:228,34,0,0
BRDA:228,34,1,0
BRDA:229,35,0,0
BRDA:229,35,1,0
BRF:71
BRH:0
end_of_record
TN:
SF:src\components\LandRegistryMap.jsx
FN:18,(anonymous_0)
FN:20,(anonymous_1)
FN:26,(anonymous_2)
FN:33,(anonymous_3)
FN:38,(anonymous_4)
FN:59,(anonymous_5)
FNF:6
FNH:0
FNDA:0,(anonymous_0)
FNDA:0,(anonymous_1)
FNDA:0,(anonymous_2)
FNDA:0,(anonymous_3)
FNDA:0,(anonymous_4)
FNDA:0,(anonymous_5)
DA:10,0
DA:16,0
DA:18,0
DA:19,0
DA:20,0
DA:21,0
DA:23,0
DA:26,0
DA:27,0
DA:30,0
DA:31,0
DA:33,0
DA:35,0
DA:38,0
DA:39,0
DA:42,0
DA:59,0
LF:17
LH:0
BRDA:26,0,0,0
BRDA:26,1,0,0
BRDA:26,2,0,0
BRDA:60,3,0,0
BRDA:60,3,1,0
BRF:5
BRH:0
end_of_record
TN:
SF:src\components\ProcessVisualizer.jsx
FN:19,(anonymous_0)
FN:40,(anonymous_1)
FN:44,(anonymous_2)
FN:45,(anonymous_3)
FN:70,(anonymous_4)
FN:74,(anonymous_5)
FN:75,(anonymous_6)
FN:77,(anonymous_7)
FN:78,(anonymous_8)
FN:97,(anonymous_9)
FN:98,(anonymous_10)
FN:200,(anonymous_11)
FN:213,(anonymous_12)
FN:251,(anonymous_13)
FN:298,(anonymous_14)
FN:302,(anonymous_15)
FN:306,(anonymous_16)
FN:770,(anonymous_17)
FN:859,(anonymous_18)
FNF:19
FNH:0
FNDA:0,(anonymous_0)
FNDA:0,(anonymous_1)
FNDA:0,(anonymous_2)
FNDA:0,(anonymous_3)
FNDA:0,(anonymous_4)
FNDA:0,(anonymous_5)
FNDA:0,(anonymous_6)
FNDA:0,(anonymous_7)
FNDA:0,(anonymous_8)
FNDA:0,(anonymous_9)
FNDA:0,(anonymous_10)
FNDA:0,(anonymous_11)
FNDA:0,(anonymous_12)
FNDA:0,(anonymous_13)
FNDA:0,(anonymous_14)
FNDA:0,(anonymous_15)
FNDA:0,(anonymous_16)
FNDA:0,(anonymous_17)
FNDA:0,(anonymous_18)
DA:19,0
DA:27,0
DA:28,0
DA:29,0
DA:36,0
DA:37,0
DA:38,0
DA:40,0
DA:41,0
DA:44,0
DA:45,0
DA:50,0
DA:51,0
DA:52,0
DA:53,0
DA:54,0
DA:57,0
DA:58,0
DA:66,0
DA:69,0
DA:70,0
DA:74,0
DA:75,0
DA:76,0
DA:77,0
DA:78,0
DA:84,0
DA:85,0
DA:86,0
DA:87,0
DA:89,0
DA:92,0
DA:93,0
DA:97,0
DA:98,0
DA:104,0
DA:106,0
DA:201,0
DA:202,0
DA:213,0
DA:252,0
DA:298,0
DA:302,0
DA:306,0
DA:462,0
DA:770,0
DA:859,0
DA:860,0
LF:48
LH:0
BRDA:22,0,0,0
BRDA:23,1,0,0
BRDA:24,2,0,0
BRDA:25,3,0,0
BRDA:41,4,0,0
BRDA:41,4,1,0
BRDA:50,5,0,0
BRDA:50,5,1,0
BRDA:57,6,0,0
BRDA:57,6,1,0
BRDA:76,7,0,0
BRDA:76,7,1,0
BRDA:84,8,0,0
BRDA:84,8,1,0
BRDA:84,9,0,0
BRDA:84,9,1,0
BRDA:86,10,0,0
BRDA:86,10,1,0
BRDA:86,11,0,0
BRDA:86,11,1,0
BRDA:92,12,0,0
BRDA:92,12,1,0
BRDA:104,13,0,0
BRDA:104,13,1,0
BRDA:146,14,0,0
BRDA:146,14,1,0
BRDA:152,15,0,0
BRDA:152,15,1,0
BRDA:158,16,0,0
BRDA:158,16,1,0
BRDA:165,17,0,0
BRDA:165,17,1,0
BRDA:192,18,0,0
BRDA:192,18,1,0
BRDA:203,19,0,0
BRDA:203,19,1,0
BRDA:208,20,0,0
BRDA:208,20,1,0
BRDA:217,21,0,0
BRDA:217,21,1,0
BRDA:218,22,0,0
BRDA:218,22,1,0
BRDA:219,23,0,0
BRDA:219,23,1,0
BRDA:220,24,0,0
BRDA:220,24,1,0
BRDA:221,25,0,0
BRDA:221,25,1,0
BRDA:223,26,0,0
BRDA:223,26,1,0
BRDA:224,27,0,0
BRDA:224,27,1,0
BRDA:225,28,0,0
BRDA:225,28,1,0
BRDA:231,29,0,0
BRDA:231,29,1,0
BRDA:232,30,0,0
BRDA:232,30,1,0
BRDA:233,31,0,0
BRDA:233,31,1,0
BRDA:237,32,0,0
BRDA:237,32,1,0
BRDA:237,32,2,0
BRDA:244,33,0,0
BRDA:244,33,1,0
BRDA:249,34,0,0
BRDA:249,34,1,0
BRDA:249,34,2,0
BRDA:255,35,0,0
BRDA:255,35,1,0
BRDA:256,36,0,0
BRDA:256,36,1,0
BRDA:257,37,0,0
BRDA:257,37,1,0
BRDA:261,38,0,0
BRDA:261,38,1,0
BRDA:262,39,0,0
BRDA:262,39,1,0
BRDA:263,40,0,0
BRDA:263,40,1,0
BRDA:267,41,0,0
BRDA:267,41,1,0
BRDA:285,42,0,0
BRDA:285,42,1,0
BRDA:306,43,0,0
BRDA:306,43,1,0
BRDA:306,44,0,0
BRDA:306,44,1,0
BRF:88
BRH:0
end_of_record
TN:
SF:src\context\AppContext.jsx
FN:11,(anonymous_0)
FN:13,(anonymous_1)
FN:21,(anonymous_2)
FN:24,(anonymous_3)
FN:31,(anonymous_4)
FN:38,(anonymous_5)
FN:89,(anonymous_6)
FN:91,(anonymous_7)
FN:98,(anonymous_8)
FN:106,(anonymous_9)
FN:114,(anonymous_10)
FN:116,(anonymous_11)
FN:122,(anonymous_12)
FN:125,(anonymous_13)
FN:133,(anonymous_14)
FN:141,(anonymous_15)
FN:150,(anonymous_16)
FN:155,(anonymous_17)
FN:162,(anonymous_18)
FN:176,(anonymous_19)
FN:177,(anonymous_20)
FN:179,(anonymous_21)
FN:181,(anonymous_22)
FN:189,(anonymous_23)
FN:192,(anonymous_24)
FN:196,(anonymous_25)
FN:197,(anonymous_26)
FN:211,(anonymous_27)
FN:212,(anonymous_28)
FN:215,(anonymous_29)
FN:216,(anonymous_30)
FN:219,(anonymous_31)
FN:221,(anonymous_32)
FN:230,(anonymous_33)
FN:242,(anonymous_34)
FN:249,(anonymous_35)
FN:256,(anonymous_36)
FN:266,(anonymous_37)
FN:273,(anonymous_38)
FN:275,(anonymous_39)
FNF:40
FNH:0
FNDA:0,(anonymous_0)
FNDA:0,(anonymous_1)
FNDA:0,(anonymous_2)
FNDA:0,(anonymous_3)
FNDA:0,(anonymous_4)
FNDA:0,(anonymous_5)
FNDA:0,(anonymous_6)
FNDA:0,(anonymous_7)
FNDA:0,(anonymous_8)
FNDA:0,(anonymous_9)
FNDA:0,(anonymous_10)
FNDA:0,(anonymous_11)
FNDA:0,(anonymous_12)
FNDA:0,(anonymous_13)
FNDA:0,(anonymous_14)
FNDA:0,(anonymous_15)
FNDA:0,(anonymous_16)
FNDA:0,(anonymous_17)
FNDA:0,(anonymous_18)
FNDA:0,(anonymous_19)
FNDA:0,(anonymous_20)
FNDA:0,(anonymous_21)
FNDA:0,(anonymous_22)
FNDA:0,(anonymous_23)
FNDA:0,(anonymous_24)
FNDA:0,(anonymous_25)
FNDA:0,(anonymous_26)
FNDA:0,(anonymous_27)
FNDA:0,(anonymous_28)
FNDA:0,(anonymous_29)
FNDA:0,(anonymous_30)
FNDA:0,(anonymous_31)
FNDA:0,(anonymous_32)
FNDA:0,(anonymous_33)
FNDA:0,(anonymous_34)
FNDA:0,(anonymous_35)
FNDA:0,(anonymous_36)
FNDA:0,(anonymous_37)
FNDA:0,(anonymous_38)
FNDA:0,(anonymous_39)
DA:9,0
DA:11,0
DA:13,0
DA:14,0
DA:15,0
DA:16,0
DA:17,0
DA:18,0
DA:19,0
DA:21,0
DA:23,0
DA:24,0
DA:26,0
DA:28,0
DA:29,0
DA:31,0
DA:32,0
DA:35,0
DA:38,0
DA:39,0
DA:40,0
DA:42,0
DA:43,0
DA:46,0
DA:47,0
DA:50,0
DA:53,0
DA:54,0
DA:55,0
DA:56,0
DA:57,0
DA:58,0
DA:59,0
DA:61,0
DA:62,0
DA:63,0
DA:65,0
DA:74,0
DA:76,0
DA:78,0
DA:79,0
DA:82,0
DA:84,0
DA:88,0
DA:89,0
DA:91,0
DA:92,0
DA:94,0
DA:95,0
DA:97,0
DA:99,0
DA:106,0
DA:107,0
DA:108,0
DA:109,0
DA:114,0
DA:115,0
DA:116,0
DA:117,0
DA:118,0
DA:119,0
DA:121,0
DA:122,0
DA:125,0
DA:126,0
DA:127,0
DA:129,0
DA:133,0
DA:134,0
DA:135,0
DA:137,0
DA:141,0
DA:142,0
DA:143,0
DA:144,0
DA:146,0
DA:150,0
DA:151,0
DA:152,0
DA:153,0
DA:154,0
DA:155,0
DA:157,0
DA:162,0
DA:163,0
DA:164,0
DA:165,0
DA:168,0
DA:169,0
DA:171,0
DA:176,0
DA:177,0
DA:179,0
DA:180,0
DA:182,0
DA:189,0
DA:192,0
DA:193,0
DA:196,0
DA:197,0
DA:198,0
DA:200,0
DA:204,0
DA:206,0
DA:207,0
DA:211,0
DA:212,0
DA:215,0
DA:216,0
DA:219,0
DA:220,0
DA:221,0
DA:222,0
DA:223,0
DA:226,0
DA:230,0
DA:231,0
DA:232,0
DA:233,0
DA:234,0
DA:235,0
DA:237,0
DA:238,0
DA:242,0
DA:243,0
DA:245,0
DA:246,0
DA:247,0
DA:248,0
DA:249,0
DA:250,0
DA:252,0
DA:256,0
DA:257,0
DA:258,0
DA:259,0
DA:260,0
DA:262,0
DA:266,0
DA:267,0
DA:269,0
DA:270,0
DA:273,0
DA:274,0
DA:275,0
DA:276,0
DA:279,0
DA:281,0
DA:282,0
DA:284,0
DA:285,0
DA:289,0
LF:152
LH:0
BRDA:26,0,0,0
BRDA:26,0,1,0
BRDA:39,1,0,0
BRDA:39,1,1,0
BRDA:46,2,0,0
BRDA:46,2,1,0
BRDA:50,3,0,0
BRDA:50,3,1,0
BRDA:50,4,0,0
BRDA:50,4,1,0
BRDA:57,5,0,0
BRDA:57,5,1,0
BRDA:59,6,0,0
BRDA:59,6,1,0
BRDA:65,7,0,0
BRDA:65,7,1,0
BRDA:78,8,0,0
BRDA:78,8,1,0
BRDA:78,9,0,0
BRDA:78,9,1,0
BRDA:99,10,0,0
BRDA:99,10,1,0
BRDA:107,11,0,0
BRDA:107,11,1,0
BRDA:117,12,0,0
BRDA:117,12,1,0
BRDA:117,13,0,0
BRDA:117,13,1,0
BRDA:119,14,0,0
BRDA:119,14,1,0
BRDA:151,15,0,0
BRDA:151,15,1,0
BRDA:163,16,0,0
BRDA:163,16,1,0
BRDA:163,17,0,0
BRDA:163,17,1,0
BRDA:168,18,0,0
BRDA:168,18,1,0
BRDA:169,19,0,0
BRDA:169,19,1,0
BRDA:182,20,0,0
BRDA:182,20,1,0
BRDA:197,21,0,0
BRDA:197,21,1,0
BRDA:222,22,0,0
BRDA:222,22,1,0
BRDA:231,23,0,0
BRDA:231,23,1,0
BRDA:232,24,0,0
BRDA:232,24,1,0
BRDA:243,25,0,0
BRDA:243,25,1,0
BRDA:267,26,0,0
BRDA:267,26,1,0
BRDA:269,27,0,0
BRDA:269,27,1,0
BRDA:269,27,2,0
BRF:57
BRH:0
end_of_record
TN:
SF:src\context\ThemeContext.jsx
FN:5,(anonymous_0)
FN:8,(anonymous_1)
FN:10,(anonymous_2)
FN:11,(anonymous_3)
FN:16,(anonymous_4)
FN:25,(anonymous_5)
FN:26,(anonymous_6)
FNF:7
FNH:0
FNDA:0,(anonymous_0)
FNDA:0,(anonymous_1)
FNDA:0,(anonymous_2)
FNDA:0,(anonymous_3)
FNDA:0,(anonymous_4)
FNDA:0,(anonymous_5)
FNDA:0,(anonymous_6)
DA:3,0
DA:8,0
DA:10,0
DA:11,0
DA:12,0
DA:13,0
DA:16,0
DA:17,0
DA:18,0
DA:20,0
DA:21,0
DA:25,0
DA:26,0
DA:29,0
LF:14
LH:0
BRDA:12,0,0,0
BRDA:12,0,1,0
BRDA:13,1,0,0
BRDA:13,1,1,0
BRDA:17,2,0,0
BRDA:17,2,1,0
BRDA:20,3,0,0
BRDA:20,3,1,0
BRDA:26,4,0,0
BRDA:26,4,1,0
BRF:10
BRH:0
end_of_record
TN:
SF:src\pages\AdminDashboard.jsx
FN:24,(anonymous_0)
FN:111,(anonymous_1)
FN:112,(anonymous_2)
FN:121,(anonymous_3)
FN:127,(anonymous_4)
FN:128,(anonymous_5)
FN:129,(anonymous_6)
FN:131,(anonymous_7)
FN:138,(anonymous_8)
FN:149,(anonymous_9)
FN:153,(anonymous_10)
FN:157,(anonymous_11)
FN:164,(anonymous_12)
FN:164,(anonymous_13)
FN:166,(anonymous_14)
FN:168,(anonymous_15)
FN:189,(anonymous_16)
FN:203,(anonymous_17)
FN:203,(anonymous_18)
FN:206,(anonymous_19)
FN:212,(anonymous_20)
FN:212,(anonymous_21)
FN:215,(anonymous_22)
FN:245,(anonymous_23)
FN:245,(anonymous_24)
FN:246,(anonymous_25)
FN:247,(anonymous_26)
FN:258,(anonymous_27)
FN:267,(anonymous_28)
FN:271,(anonymous_29)
FN:271,(anonymous_30)
FN:272,(anonymous_31)
FN:273,(anonymous_32)
FN:317,(anonymous_33)
FN:340,(anonymous_34)
FN:340,(anonymous_35)
FN:342,(anonymous_36)
FN:344,(anonymous_37)
FN:434,(anonymous_38)
FN:445,(anonymous_39)
FN:445,(anonymous_40)
FN:446,(anonymous_41)
FN:447,(anonymous_42)
FN:451,(anonymous_43)
FN:454,(anonymous_44)
FN:454,(anonymous_45)
FN:455,(anonymous_46)
FN:456,(anonymous_47)
FN:460,(anonymous_48)
FN:465,(anonymous_49)
FN:474,(anonymous_50)
FN:474,(anonymous_51)
FN:475,(anonymous_52)
FN:476,(anonymous_53)
FN:483,(anonymous_54)
FN:483,(anonymous_55)
FN:483,(anonymous_56)
FN:486,(anonymous_57)
FN:497,(anonymous_58)
FN:564,(anonymous_59)
FN:597,(anonymous_60)
FN:608,(anonymous_61)
FN:636,(anonymous_62)
FN:721,(anonymous_63)
FN:725,(anonymous_64)
FN:742,(anonymous_65)
FN:753,(anonymous_66)
FN:766,(anonymous_67)
FN:774,(anonymous_68)
FN:809,(anonymous_69)
FN:821,(anonymous_70)
FN:829,(anonymous_71)
FN:867,(anonymous_72)
FN:896,(anonymous_73)
FN:896,(anonymous_74)
FN:909,(anonymous_75)
FN:957,(anonymous_76)
FN:991,(anonymous_77)
FN:1011,(anonymous_78)
FN:1051,(anonymous_79)
FNF:80
FNH:0
FNDA:0,(anonymous_0)
FNDA:0,(anonymous_1)
FNDA:0,(anonymous_2)
FNDA:0,(anonymous_3)
FNDA:0,(anonymous_4)
FNDA:0,(anonymous_5)
FNDA:0,(anonymous_6)
FNDA:0,(anonymous_7)
FNDA:0,(anonymous_8)
FNDA:0,(anonymous_9)
FNDA:0,(anonymous_10)
FNDA:0,(anonymous_11)
FNDA:0,(anonymous_12)
FNDA:0,(anonymous_13)
FNDA:0,(anonymous_14)
FNDA:0,(anonymous_15)
FNDA:0,(anonymous_16)
FNDA:0,(anonymous_17)
FNDA:0,(anonymous_18)
FNDA:0,(anonymous_19)
FNDA:0,(anonymous_20)
FNDA:0,(anonymous_21)
FNDA:0,(anonymous_22)
FNDA:0,(anonymous_23)
FNDA:0,(anonymous_24)
FNDA:0,(anonymous_25)
FNDA:0,(anonymous_26)
FNDA:0,(anonymous_27)
FNDA:0,(anonymous_28)
FNDA:0,(anonymous_29)
FNDA:0,(anonymous_30)
FNDA:0,(anonymous_31)
FNDA:0,(anonymous_32)
FNDA:0,(anonymous_33)
FNDA:0,(anonymous_34)
FNDA:0,(anonymous_35)
FNDA:0,(anonymous_36)
FNDA:0,(anonymous_37)
FNDA:0,(anonymous_38)
FNDA:0,(anonymous_39)
FNDA:0,(anonymous_40)
FNDA:0,(anonymous_41)
FNDA:0,(anonymous_42)
FNDA:0,(anonymous_43)
FNDA:0,(anonymous_44)
FNDA:0,(anonymous_45)
FNDA:0,(anonymous_46)
FNDA:0,(anonymous_47)
FNDA:0,(anonymous_48)
FNDA:0,(anonymous_49)
FNDA:0,(anonymous_50)
FNDA:0,(anonymous_51)
FNDA:0,(anonymous_52)
FNDA:0,(anonymous_53)
FNDA:0,(anonymous_54)
FNDA:0,(anonymous_55)
FNDA:0,(anonymous_56)
FNDA:0,(anonymous_57)
FNDA:0,(anonymous_58)
FNDA:0,(anonymous_59)
FNDA:0,(anonymous_60)
FNDA:0,(anonymous_61)
FNDA:0,(anonymous_62)
FNDA:0,(anonymous_63)
FNDA:0,(anonymous_64)
FNDA:0,(anonymous_65)
FNDA:0,(anonymous_66)
FNDA:0,(anonymous_67)
FNDA:0,(anonymous_68)
FNDA:0,(anonymous_69)
FNDA:0,(anonymous_70)
FNDA:0,(anonymous_71)
FNDA:0,(anonymous_72)
FNDA:0,(anonymous_73)
FNDA:0,(anonymous_74)
FNDA:0,(anonymous_75)
FNDA:0,(anonymous_76)
FNDA:0,(anonymous_77)
FNDA:0,(anonymous_78)
FNDA:0,(anonymous_79)
DA:24,0
DA:25,0
DA:26,0
DA:27,0
DA:28,0
DA:29,0
DA:30,0
DA:31,0
DA:32,0
DA:33,0
DA:34,0
DA:35,0
DA:36,0
DA:37,0
DA:39,0
DA:40,0
DA:104,0
DA:105,0
DA:106,0
DA:111,0
DA:112,0
DA:113,0
DA:114,0
DA:115,0
DA:116,0
DA:118,0
DA:120,0
DA:121,0
DA:126,0
DA:127,0
DA:128,0
DA:129,0
DA:130,0
DA:131,0
DA:133,0
DA:135,0
DA:138,0
DA:139,0
DA:140,0
DA:141,0
DA:143,0
DA:144,0
DA:145,0
DA:149,0
DA:150,0
DA:151,0
DA:152,0
DA:153,0
DA:154,0
DA:157,0
DA:158,0
DA:159,0
DA:160,0
DA:164,0
DA:165,0
DA:166,0
DA:167,0
DA:168,0
DA:169,0
DA:170,0
DA:171,0
DA:172,0
DA:175,0
DA:176,0
DA:179,0
DA:182,0
DA:184,0
DA:186,0
DA:189,0
DA:190,0
DA:191,0
DA:192,0
DA:196,0
DA:197,0
DA:199,0
DA:200,0
DA:203,0
DA:206,0
DA:209,0
DA:212,0
DA:215,0
DA:218,0
DA:220,0
DA:221,0
DA:222,0
DA:223,0
DA:224,0
DA:225,0
DA:226,0
DA:227,0
DA:228,0
DA:231,0
DA:232,0
DA:233,0
DA:234,0
DA:235,0
DA:239,0
DA:240,0
DA:241,0
DA:242,0
DA:245,0
DA:246,0
DA:247,0
DA:250,0
DA:251,0
DA:252,0
DA:253,0
DA:255,0
DA:257,0
DA:259,0
DA:260,0
DA:261,0
DA:262,0
DA:266,0
DA:267,0
DA:270,0
DA:271,0
DA:272,0
DA:273,0
DA:276,0
DA:277,0
DA:278,0
DA:279,0
DA:281,0
DA:282,0
DA:284,0
DA:285,0
DA:288,0
DA:289,0
DA:290,0
DA:293,0
DA:294,0
DA:295,0
DA:300,0
DA:301,0
DA:302,0
DA:305,0
DA:317,0
DA:318,0
DA:319,0
DA:322,0
DA:323,0
DA:324,0
DA:325,0
DA:326,0
DA:332,0
DA:333,0
DA:334,0
DA:336,0
DA:337,0
DA:338,0
DA:340,0
DA:341,0
DA:342,0
DA:343,0
DA:344,0
DA:345,0
DA:346,0
DA:347,0
DA:348,0
DA:349,0
DA:350,0
DA:351,0
DA:352,0
DA:354,0
DA:355,0
DA:357,0
DA:358,0
DA:361,0
DA:362,0
DA:363,0
DA:364,0
DA:365,0
DA:368,0
DA:381,0
DA:382,0
DA:383,0
DA:385,0
DA:386,0
DA:387,0
DA:388,0
DA:389,0
DA:390,0
DA:391,0
DA:392,0
DA:395,0
DA:401,0
DA:404,0
DA:405,0
DA:408,0
DA:409,0
DA:410,0
DA:411,0
DA:413,0
DA:416,0
DA:417,0
DA:418,0
DA:419,0
DA:421,0
DA:423,0
DA:424,0
DA:426,0
DA:427,0
DA:428,0
DA:434,0
DA:435,0
DA:436,0
DA:438,0
DA:439,0
DA:440,0
DA:441,0
DA:442,0
DA:443,0
DA:445,0
DA:446,0
DA:447,0
DA:450,0
DA:451,0
DA:452,0
DA:454,0
DA:455,0
DA:456,0
DA:458,0
DA:460,0
DA:461,0
DA:462,0
DA:464,0
DA:465,0
DA:466,0
DA:468,0
DA:474,0
DA:475,0
DA:476,0
DA:479,0
DA:480,0
DA:481,0
DA:483,0
DA:484,0
DA:486,0
DA:487,0
DA:488,0
DA:490,0
DA:492,0
DA:493,0
DA:497,0
DA:498,0
DA:503,0
DA:564,0
DA:597,0
DA:608,0
DA:637,0
DA:721,0
DA:725,0
DA:742,0
DA:754,0
DA:766,0
DA:774,0
DA:810,0
DA:821,0
DA:829,0
DA:867,0
DA:896,0
DA:897,0
DA:909,0
DA:958,0
DA:991,0
DA:1011,0
DA:1052,0
LF:268
LH:0
BRDA:113,0,0,0
BRDA:113,0,1,0
BRDA:128,1,0,0
BRDA:128,1,1,0
BRDA:140,2,0,0
BRDA:140,2,1,0
BRDA:151,3,0,0
BRDA:151,3,1,0
BRDA:157,4,0,0
BRDA:160,5,0,0
BRDA:160,5,1,0
BRDA:190,6,0,0
BRDA:190,6,1,0
BRDA:190,7,0,0
BRDA:190,7,1,0
BRDA:191,8,0,0
BRDA:191,8,1,0
BRDA:192,9,0,0
BRDA:192,9,1,0
BRDA:212,10,0,0
BRDA:212,10,1,0
BRDA:215,11,0,0
BRDA:215,11,1,0
BRDA:221,12,0,0
BRDA:221,12,1,0
BRDA:222,13,0,0
BRDA:222,13,1,0
BRDA:223,14,0,0
BRDA:223,14,1,0
BRDA:224,15,0,0
BRDA:224,15,1,0
BRDA:225,16,0,0
BRDA:225,16,1,0
BRDA:226,17,0,0
BRDA:226,17,1,0
BRDA:227,18,0,0
BRDA:227,18,1,0
BRDA:228,19,0,0
BRDA:228,19,1,0
BRDA:231,20,0,0
BRDA:231,20,1,0
BRDA:231,21,0,0
BRDA:231,21,1,0
BRDA:239,22,0,0
BRDA:239,22,1,0
BRDA:246,23,0,0
BRDA:246,23,1,0
BRDA:247,24,0,0
BRDA:247,24,1,0
BRDA:247,25,0,0
BRDA:247,25,1,0
BRDA:259,26,0,0
BRDA:259,26,1,0
BRDA:261,27,0,0
BRDA:261,27,1,0
BRDA:261,28,0,0
BRDA:261,28,1,0
BRDA:272,29,0,0
BRDA:272,29,1,0
BRDA:273,30,0,0
BRDA:273,30,1,0
BRDA:273,31,0,0
BRDA:273,31,1,0
BRDA:284,32,0,0
BRDA:284,32,1,0
BRDA:288,33,0,0
BRDA:288,33,1,0
BRDA:290,34,0,0
BRDA:290,34,1,0
BRDA:290,35,0,0
BRDA:290,35,1,0
BRDA:293,36,0,0
BRDA:293,36,1,0
BRDA:295,37,0,0
BRDA:295,37,1,0
BRDA:295,38,0,0
BRDA:295,38,1,0
BRDA:300,39,0,0
BRDA:300,39,1,0
BRDA:302,40,0,0
BRDA:302,40,1,0
BRDA:333,41,0,0
BRDA:333,41,1,0
BRDA:336,42,0,0
BRDA:336,42,1,0
BRDA:348,43,0,0
BRDA:348,43,1,0
BRDA:348,44,0,0
BRDA:348,44,1,0
BRDA:349,45,0,0
BRDA:349,45,1,0
BRDA:383,46,0,0
BRDA:383,46,1,0
BRDA:410,47,0,0
BRDA:410,47,1,0
BRDA:410,48,0,0
BRDA:410,48,1,0
BRDA:416,49,0,0
BRDA:416,49,1,0
BRDA:417,50,0,0
BRDA:417,50,1,0
BRDA:424,51,0,0
BRDA:424,51,1,0
BRDA:438,52,0,0
BRDA:438,52,1,0
BRDA:440,53,0,0
BRDA:440,53,1,0
BRDA:442,54,0,0
BRDA:442,54,1,0
BRDA:442,55,0,0
BRDA:442,55,1,0
BRDA:446,56,0,0
BRDA:446,56,1,0
BRDA:447,57,0,0
BRDA:447,57,1,0
BRDA:447,58,0,0
BRDA:447,58,1,0
BRDA:455,59,0,0
BRDA:455,59,1,0
BRDA:456,60,0,0
BRDA:456,60,1,0
BRDA:456,61,0,0
BRDA:456,61,1,0
BRDA:475,62,0,0
BRDA:475,62,1,0
BRDA:476,63,0,0
BRDA:476,63,1,0
BRDA:476,64,0,0
BRDA:476,64,1,0
BRDA:483,65,0,0
BRDA:483,65,1,0
BRDA:498,66,0,0
BRDA:498,66,1,0
BRDA:498,66,2,0
BRDA:499,67,0,0
BRDA:499,67,1,0
BRDA:500,68,0,0
BRDA:500,68,1,0
BRDA:537,69,0,0
BRDA:537,69,1,0
BRDA:538,70,0,0
BRDA:538,70,1,0
BRDA:571,71,0,0
BRDA:571,71,1,0
BRDA:572,72,0,0
BRDA:572,72,1,0
BRDA:600,73,0,0
BRDA:600,73,1,0
BRDA:601,74,0,0
BRDA:601,74,1,0
BRDA:611,75,0,0
BRDA:611,75,1,0
BRDA:612,76,0,0
BRDA:612,76,1,0
BRDA:634,77,0,0
BRDA:634,77,1,0
BRDA:669,78,0,0
BRDA:669,78,1,0
BRDA:669,78,2,0
BRDA:671,79,0,0
BRDA:671,79,1,0
BRDA:674,80,0,0
BRDA:674,80,1,0
BRDA:720,81,0,0
BRDA:720,81,1,0
BRDA:731,82,0,0
BRDA:731,82,1,0
BRDA:748,83,0,0
BRDA:748,83,1,0
BRDA:761,84,0,0
BRDA:761,84,1,0
BRDA:762,85,0,0
BRDA:762,85,1,0
BRDA:803,86,0,0
BRDA:803,86,1,0
BRDA:814,87,0,0
BRDA:814,87,1,0
BRDA:815,88,0,0
BRDA:815,88,1,0
BRDA:867,89,0,0
BRDA:867,89,1,0
BRDA:867,89,2,0
BRDA:870,90,0,0
BRDA:870,90,1,0
BRDA:871,91,0,0
BRDA:871,91,1,0
BRDA:879,92,0,0
BRDA:879,92,1,0
BRDA:880,93,0,0
BRDA:880,93,1,0
BRDA:881,94,0,0
BRDA:881,94,1,0
BRDA:883,95,0,0
BRDA:883,95,1,0
BRDA:887,96,0,0
BRDA:887,96,1,0
BRDA:890,97,0,0
BRDA:890,97,1,0
BRDA:909,98,0,0
BRDA:909,98,1,0
BRDA:909,98,2,0
BRDA:975,99,0,0
BRDA:975,99,1,0
BRDA:1000,100,0,0
BRDA:1000,100,1,0
BRDA:1008,101,0,0
BRDA:1008,101,1,0
BRDA:1015,102,0,0
BRDA:1015,102,1,0
BRDA:1016,103,0,0
BRDA:1016,103,1,0
BRDA:1022,104,0,0
BRDA:1022,104,1,0
BRDA:1023,105,0,0
BRDA:1023,105,1,0
BRDA:1037,106,0,0
BRDA:1037,106,1,0
BRDA:1039,107,0,0
BRDA:1039,107,1,0
BRDA:1045,108,0,0
BRDA:1045,108,1,0
BRDA:1047,109,0,0
BRDA:1047,109,1,0
BRDA:1055,110,0,0
BRDA:1055,110,1,0
BRDA:1058,111,0,0
BRDA:1058,111,1,0
BRDA:1065,112,0,0
BRDA:1065,112,1,0
BRDA:1065,112,2,0
BRF:230
BRH:0
end_of_record
TN:
SF:src\pages\Login.jsx
FN:8,(anonymous_0)
FN:23,(anonymous_1)
FN:37,(anonymous_2)
FN:50,(anonymous_3)
FN:125,(anonymous_4)
FN:145,(anonymous_5)
FN:208,(anonymous_6)
FN:218,(anonymous_7)
FN:237,(anonymous_8)
FNF:9
FNH:0
FNDA:0,(anonymous_0)
FNDA:0,(anonymous_1)
FNDA:0,(anonymous_2)
FNDA:0,(anonymous_3)
FNDA:0,(anonymous_4)
FNDA:0,(anonymous_5)
FNDA:0,(anonymous_6)
FNDA:0,(anonymous_7)
FNDA:0,(anonymous_8)
DA:8,0
DA:9,0
DA:10,0
DA:11,0
DA:12,0
DA:13,0
DA:14,0
DA:15,0
DA:16,0
DA:18,0
DA:19,0
DA:21,0
DA:23,0
DA:24,0
DA:25,0
DA:26,0
DA:27,0
DA:28,0
DA:29,0
DA:31,0
DA:33,0
DA:37,0
DA:38,0
DA:39,0
DA:40,0
DA:41,0
DA:42,0
DA:44,0
DA:46,0
DA:50,0
DA:51,0
DA:52,0
DA:53,0
DA:54,0
DA:55,0
DA:56,0
DA:58,0
DA:60,0
DA:64,0
DA:125,0
DA:145,0
DA:208,0
DA:218,0
DA:238,0
DA:239,0
LF:45
LH:0
BRDA:21,0,0,0
BRDA:21,0,1,0
BRDA:21,0,2,0
BRDA:21,0,3,0
BRDA:102,1,0,0
BRDA:102,1,1,0
BRDA:108,2,0,0
BRDA:108,2,1,0
BRDA:151,3,0,0
BRDA:151,3,1,0
BRDA:169,4,0,0
BRDA:169,4,1,0
BRDA:171,5,0,0
BRDA:171,5,1,0
BRDA:187,6,0,0
BRDA:187,6,1,0
BRDA:189,7,0,0
BRDA:189,7,1,0
BRDA:223,8,0,0
BRDA:223,8,1,0
BRDA:230,9,0,0
BRDA:230,9,1,0
BRF:22
BRH:0
end_of_record
TN:
SF:src\pages\UserDashboard.jsx
FN:34,(anonymous_0)
FN:41,(anonymous_1)
FN:43,(anonymous_2)
FN:46,(anonymous_3)
FN:50,(anonymous_4)
FN:55,(anonymous_5)
FN:124,(anonymous_6)
FN:127,(anonymous_7)
FN:131,(anonymous_8)
FN:135,(anonymous_9)
FN:135,(anonymous_10)
FN:137,(anonymous_11)
FN:139,(anonymous_12)
FN:154,(anonymous_13)
FN:160,(anonymous_14)
FN:174,(anonymous_15)
FN:174,(anonymous_16)
FN:177,(anonymous_17)
FN:201,(anonymous_18)
FN:201,(anonymous_19)
FN:204,(anonymous_20)
FN:215,(anonymous_21)
FN:215,(anonymous_22)
FN:216,(anonymous_23)
FN:217,(anonymous_24)
FN:228,(anonymous_25)
FN:237,(anonymous_26)
FN:242,(anonymous_27)
FN:242,(anonymous_28)
FN:243,(anonymous_29)
FN:244,(anonymous_30)
FN:248,(anonymous_31)
FN:274,(anonymous_32)
FN:274,(anonymous_33)
FN:275,(anonymous_34)
FN:276,(anonymous_35)
FN:307,(anonymous_36)
FN:307,(anonymous_37)
FN:308,(anonymous_38)
FN:309,(anonymous_39)
FN:312,(anonymous_40)
FN:313,(anonymous_41)
FN:313,(anonymous_42)
FN:313,(anonymous_43)
FN:339,(anonymous_44)
FN:339,(anonymous_45)
FN:341,(anonymous_46)
FN:343,(anonymous_47)
FN:411,(anonymous_48)
FN:447,(anonymous_49)
FN:448,(anonymous_50)
FN:448,(anonymous_51)
FN:448,(anonymous_52)
FN:467,(anonymous_53)
FN:507,(anonymous_54)
FN:537,(anonymous_55)
FN:548,(anonymous_56)
FN:567,(anonymous_57)
FN:593,(anonymous_58)
FN:623,(anonymous_59)
FN:623,(anonymous_60)
FN:696,(anonymous_61)
FN:721,(anonymous_62)
FN:743,(anonymous_63)
FN:793,(anonymous_64)
FN:829,(anonymous_65)
FN:855,(anonymous_66)
FN:881,(anonymous_67)
FN:891,(anonymous_68)
FN:895,(anonymous_69)
FN:922,(anonymous_70)
FN:950,(anonymous_71)
FN:1010,(anonymous_72)
FN:1091,(anonymous_73)
FN:1091,(anonymous_74)
FNF:75
FNH:0
FNDA:0,(anonymous_0)
FNDA:0,(anonymous_1)
FNDA:0,(anonymous_2)
FNDA:0,(anonymous_3)
FNDA:0,(anonymous_4)
FNDA:0,(anonymous_5)
FNDA:0,(anonymous_6)
FNDA:0,(anonymous_7)
FNDA:0,(anonymous_8)
FNDA:0,(anonymous_9)
FNDA:0,(anonymous_10)
FNDA:0,(anonymous_11)
FNDA:0,(anonymous_12)
FNDA:0,(anonymous_13)
FNDA:0,(anonymous_14)
FNDA:0,(anonymous_15)
FNDA:0,(anonymous_16)
FNDA:0,(anonymous_17)
FNDA:0,(anonymous_18)
FNDA:0,(anonymous_19)
FNDA:0,(anonymous_20)
FNDA:0,(anonymous_21)
FNDA:0,(anonymous_22)
FNDA:0,(anonymous_23)
FNDA:0,(anonymous_24)
FNDA:0,(anonymous_25)
FNDA:0,(anonymous_26)
FNDA:0,(anonymous_27)
FNDA:0,(anonymous_28)
FNDA:0,(anonymous_29)
FNDA:0,(anonymous_30)
FNDA:0,(anonymous_31)
FNDA:0,(anonymous_32)
FNDA:0,(anonymous_33)
FNDA:0,(anonymous_34)
FNDA:0,(anonymous_35)
FNDA:0,(anonymous_36)
FNDA:0,(anonymous_37)
FNDA:0,(anonymous_38)
FNDA:0,(anonymous_39)
FNDA:0,(anonymous_40)
FNDA:0,(anonymous_41)
FNDA:0,(anonymous_42)
FNDA:0,(anonymous_43)
FNDA:0,(anonymous_44)
FNDA:0,(anonymous_45)
FNDA:0,(anonymous_46)
FNDA:0,(anonymous_47)
FNDA:0,(anonymous_48)
FNDA:0,(anonymous_49)
FNDA:0,(anonymous_50)
FNDA:0,(anonymous_51)
FNDA:0,(anonymous_52)
FNDA:0,(anonymous_53)
FNDA:0,(anonymous_54)
FNDA:0,(anonymous_55)
FNDA:0,(anonymous_56)
FNDA:0,(anonymous_57)
FNDA:0,(anonymous_58)
FNDA:0,(anonymous_59)
FNDA:0,(anonymous_60)
FNDA:0,(anonymous_61)
FNDA:0,(anonymous_62)
FNDA:0,(anonymous_63)
FNDA:0,(anonymous_64)
FNDA:0,(anonymous_65)
FNDA:0,(anonymous_66)
FNDA:0,(anonymous_67)
FNDA:0,(anonymous_68)
FNDA:0,(anonymous_69)
FNDA:0,(anonymous_70)
FNDA:0,(anonymous_71)
FNDA:0,(anonymous_72)
FNDA:0,(anonymous_73)
FNDA:0,(anonymous_74)
DA:26,0
DA:34,0
DA:35,0
DA:36,0
DA:37,0
DA:38,0
DA:41,0
DA:43,0
DA:44,0
DA:45,0
DA:46,0
DA:49,0
DA:50,0
DA:51,0
DA:52,0
DA:53,0
DA:55,0
DA:56,0
DA:57,0
DA:58,0
DA:59,0
DA:64,0
DA:65,0
DA:66,0
DA:67,0
DA:68,0
DA:69,0
DA:70,0
DA:71,0
DA:72,0
DA:124,0
DA:127,0
DA:128,0
DA:129,0
DA:130,0
DA:131,0
DA:132,0
DA:135,0
DA:136,0
DA:137,0
DA:138,0
DA:139,0
DA:140,0
DA:141,0
DA:142,0
DA:143,0
DA:144,0
DA:145,0
DA:146,0
DA:148,0
DA:150,0
DA:154,0
DA:155,0
DA:156,0
DA:157,0
DA:160,0
DA:161,0
DA:162,0
DA:163,0
DA:166,0
DA:167,0
DA:169,0
DA:170,0
DA:171,0
DA:174,0
DA:177,0
DA:180,0
DA:181,0
DA:182,0
DA:183,0
DA:184,0
DA:185,0
DA:186,0
DA:187,0
DA:188,0
DA:191,0
DA:192,0
DA:193,0
DA:194,0
DA:195,0
DA:198,0
DA:201,0
DA:204,0
DA:207,0
DA:208,0
DA:210,0
DA:211,0
DA:213,0
DA:215,0
DA:216,0
DA:217,0
DA:220,0
DA:221,0
DA:222,0
DA:223,0
DA:225,0
DA:227,0
DA:229,0
DA:230,0
DA:231,0
DA:232,0
DA:236,0
DA:237,0
DA:238,0
DA:242,0
DA:243,0
DA:244,0
DA:246,0
DA:248,0
DA:249,0
DA:252,0
DA:253,0
DA:254,0
DA:255,0
DA:256,0
DA:257,0
DA:258,0
DA:260,0
DA:261,0
DA:265,0
DA:266,0
DA:267,0
DA:270,0
DA:274,0
DA:275,0
DA:276,0
DA:278,0
DA:280,0
DA:293,0
DA:294,0
DA:296,0
DA:297,0
DA:299,0
DA:301,0
DA:302,0
DA:304,0
DA:307,0
DA:308,0
DA:309,0
DA:311,0
DA:312,0
DA:313,0
DA:314,0
DA:316,0
DA:318,0
DA:319,0
DA:321,0
DA:322,0
DA:323,0
DA:326,0
DA:331,0
DA:332,0
DA:333,0
DA:335,0
DA:336,0
DA:337,0
DA:339,0
DA:340,0
DA:341,0
DA:342,0
DA:343,0
DA:344,0
DA:345,0
DA:346,0
DA:347,0
DA:348,0
DA:349,0
DA:350,0
DA:351,0
DA:353,0
DA:354,0
DA:356,0
DA:357,0
DA:360,0
DA:361,0
DA:362,0
DA:363,0
DA:364,0
DA:367,0
DA:373,0
DA:374,0
DA:375,0
DA:376,0
DA:377,0
DA:378,0
DA:379,0
DA:380,0
DA:381,0
DA:382,0
DA:383,0
DA:386,0
DA:392,0
DA:395,0
DA:396,0
DA:399,0
DA:400,0
DA:401,0
DA:402,0
DA:404,0
DA:407,0
DA:411,0
DA:412,0
DA:414,0
DA:428,0
DA:429,0
DA:431,0
DA:432,0
DA:433,0
DA:435,0
DA:439,0
DA:445,0
DA:446,0
DA:447,0
DA:448,0
DA:449,0
DA:451,0
DA:453,0
DA:454,0
DA:456,0
DA:457,0
DA:459,0
DA:460,0
DA:461,0
DA:467,0
DA:468,0
DA:469,0
DA:470,0
DA:471,0
DA:472,0
DA:473,0
DA:474,0
DA:475,0
DA:476,0
DA:477,0
DA:478,0
DA:479,0
DA:480,0
DA:481,0
DA:482,0
DA:483,0
DA:484,0
DA:485,0
DA:486,0
DA:487,0
DA:488,0
DA:489,0
DA:490,0
DA:491,0
DA:492,0
DA:493,0
DA:494,0
DA:495,0
DA:496,0
DA:497,0
DA:498,0
DA:499,0
DA:501,0
DA:502,0
DA:507,0
DA:508,0
DA:512,0
DA:537,0
DA:548,0
DA:568,0
DA:593,0
DA:623,0
DA:624,0
DA:657,0
DA:680,0
DA:697,0
DA:722,0
DA:743,0
DA:744,0
DA:745,0
DA:753,0
DA:754,0
DA:756,0
DA:759,0
DA:760,0
DA:761,0
DA:764,0
DA:766,0
DA:767,0
DA:768,0
DA:769,0
DA:771,0
DA:772,0
DA:774,0
DA:775,0
DA:776,0
DA:777,0
DA:778,0
DA:779,0
DA:780,0
DA:784,0
DA:793,0
DA:800,0
DA:830,0
DA:844,0
DA:848,0
DA:855,0
DA:881,0
DA:892,0
DA:895,0
DA:922,0
DA:950,0
DA:1010,0
DA:1011,0
DA:1013,0
DA:1014,0
DA:1015,0
DA:1017,0
DA:1018,0
DA:1019,0
DA:1020,0
DA:1022,0
DA:1091,0
DA:1092,0
LF:318
LH:0
BRDA:45,0,0,0
BRDA:45,0,1,0
BRDA:49,1,0,0
BRDA:49,1,1,0
BRDA:129,2,0,0
BRDA:129,2,1,0
BRDA:155,3,0,0
BRDA:155,3,1,0
BRDA:155,4,0,0
BRDA:155,4,1,0
BRDA:156,5,0,0
BRDA:156,5,1,0
BRDA:157,6,0,0
BRDA:157,6,1,0
BRDA:160,7,0,0
BRDA:163,8,0,0
BRDA:163,8,1,0
BRDA:181,9,0,0
BRDA:181,9,1,0
BRDA:182,10,0,0
BRDA:182,10,1,0
BRDA:183,11,0,0
BRDA:183,11,1,0
BRDA:184,12,0,0
BRDA:184,12,1,0
BRDA:185,13,0,0
BRDA:185,13,1,0
BRDA:186,14,0,0
BRDA:186,14,1,0
BRDA:187,15,0,0
BRDA:187,15,1,0
BRDA:188,16,0,0
BRDA:188,16,1,0
BRDA:191,17,0,0
BRDA:191,17,1,0
BRDA:191,18,0,0
BRDA:191,18,1,0
BRDA:201,19,0,0
BRDA:201,19,1,0
BRDA:204,20,0,0
BRDA:204,20,1,0
BRDA:210,21,0,0
BRDA:210,21,1,0
BRDA:210,22,0,0
BRDA:210,22,1,0
BRDA:211,23,0,0
BRDA:211,23,1,0
BRDA:216,24,0,0
BRDA:216,24,1,0
BRDA:217,25,0,0
BRDA:217,25,1,0
BRDA:217,26,0,0
BRDA:217,26,1,0
BRDA:229,27,0,0
BRDA:229,27,1,0
BRDA:231,28,0,0
BRDA:231,28,1,0
BRDA:231,29,0,0
BRDA:231,29,1,0
BRDA:243,30,0,0
BRDA:243,30,1,0
BRDA:244,31,0,0
BRDA:244,31,1,0
BRDA:244,32,0,0
BRDA:244,32,1,0
BRDA:248,33,0,0
BRDA:248,33,1,0
BRDA:257,34,0,0
BRDA:257,34,1,0
BRDA:260,35,0,0
BRDA:260,35,1,0
BRDA:267,36,0,0
BRDA:267,36,1,0
BRDA:267,37,0,0
BRDA:267,37,1,0
BRDA:275,38,0,0
BRDA:275,38,1,0
BRDA:276,39,0,0
BRDA:276,39,1,0
BRDA:276,40,0,0
BRDA:276,40,1,0
BRDA:278,41,0,0
BRDA:278,41,1,0
BRDA:281,42,0,0
BRDA:281,42,1,0
BRDA:282,43,0,0
BRDA:282,43,1,0
BRDA:283,44,0,0
BRDA:283,44,1,0
BRDA:293,45,0,0
BRDA:293,45,1,0
BRDA:299,46,0,0
BRDA:299,46,1,0
BRDA:301,47,0,0
BRDA:301,47,1,0
BRDA:308,48,0,0
BRDA:308,48,1,0
BRDA:309,49,0,0
BRDA:309,49,1,0
BRDA:309,50,0,0
BRDA:309,50,1,0
BRDA:311,51,0,0
BRDA:311,51,1,0
BRDA:313,52,0,0
BRDA:313,52,1,0
BRDA:332,53,0,0
BRDA:332,53,1,0
BRDA:335,54,0,0
BRDA:335,54,1,0
BRDA:347,55,0,0
BRDA:347,55,1,0
BRDA:347,56,0,0
BRDA:347,56,1,0
BRDA:348,57,0,0
BRDA:348,57,1,0
BRDA:375,58,0,0
BRDA:375,58,1,0
BRDA:401,59,0,0
BRDA:401,59,1,0
BRDA:401,60,0,0
BRDA:401,60,1,0
BRDA:412,61,0,0
BRDA:412,61,1,0
BRDA:415,62,0,0
BRDA:415,62,1,0
BRDA:416,63,0,0
BRDA:416,63,1,0
BRDA:417,64,0,0
BRDA:417,64,1,0
BRDA:428,65,0,0
BRDA:428,65,1,0
BRDA:432,66,0,0
BRDA:432,66,1,0
BRDA:446,67,0,0
BRDA:446,67,1,0
BRDA:448,68,0,0
BRDA:448,68,1,0
BRDA:468,69,0,0
BRDA:468,69,1,0
BRDA:468,70,0,0
BRDA:468,70,1,0
BRDA:484,71,0,0
BRDA:484,71,1,0
BRDA:508,72,0,0
BRDA:508,72,1,0
BRDA:508,72,2,0
BRDA:508,72,3,0
BRDA:508,72,4,0
BRDA:508,72,5,0
BRDA:540,73,0,0
BRDA:540,73,1,0
BRDA:541,74,0,0
BRDA:541,74,1,0
BRDA:551,75,0,0
BRDA:551,75,1,0
BRDA:552,76,0,0
BRDA:552,76,1,0
BRDA:565,77,0,0
BRDA:565,77,1,0
BRDA:586,78,0,0
BRDA:586,78,1,0
BRDA:586,78,2,0
BRDA:588,79,0,0
BRDA:588,79,1,0
BRDA:593,80,0,0
BRDA:593,80,1,0
BRDA:593,80,2,0
BRDA:596,81,0,0
BRDA:596,81,1,0
BRDA:597,82,0,0
BRDA:597,82,1,0
BRDA:605,83,0,0
BRDA:605,83,1,0
BRDA:606,84,0,0
BRDA:606,84,1,0
BRDA:607,85,0,0
BRDA:607,85,1,0
BRDA:609,86,0,0
BRDA:609,86,1,0
BRDA:613,87,0,0
BRDA:613,87,1,0
BRDA:616,88,0,0
BRDA:616,88,1,0
BRDA:621,89,0,0
BRDA:621,89,1,0
BRDA:623,90,0,0
BRDA:623,90,1,0
BRDA:631,91,0,0
BRDA:631,91,1,0
BRDA:636,92,0,0
BRDA:636,92,1,0
BRDA:647,93,0,0
BRDA:647,93,1,0
BRDA:666,94,0,0
BRDA:666,94,1,0
BRDA:690,95,0,0
BRDA:690,95,1,0
BRDA:701,96,0,0
BRDA:701,96,1,0
BRDA:707,97,0,0
BRDA:707,97,1,0
BRDA:709,98,0,0
BRDA:709,98,1,0
BRDA:717,99,0,0
BRDA:717,99,1,0
BRDA:718,100,0,0
BRDA:718,100,1,0
BRDA:719,101,0,0
BRDA:719,101,1,0
BRDA:720,102,0,0
BRDA:720,102,1,0
BRDA:728,103,0,0
BRDA:728,103,1,0
BRDA:744,104,0,0
BRDA:744,104,1,0
BRDA:754,105,0,0
BRDA:754,105,1,0
BRDA:764,106,0,0
BRDA:764,106,1,0
BRDA:764,107,0,0
BRDA:764,107,1,0
BRDA:766,108,0,0
BRDA:766,108,1,0
BRDA:767,109,0,0
BRDA:767,109,1,0
BRDA:767,109,2,0
BRDA:768,110,0,0
BRDA:768,110,1,0
BRDA:769,111,0,0
BRDA:769,111,1,0
BRDA:771,112,0,0
BRDA:771,112,1,0
BRDA:771,112,2,0
BRDA:772,113,0,0
BRDA:772,113,1,0
BRDA:772,113,2,0
BRDA:774,114,0,0
BRDA:774,114,1,0
BRDA:774,115,0,0
BRDA:774,115,1,0
BRDA:774,115,2,0
BRDA:774,115,3,0
BRDA:777,116,0,0
BRDA:777,116,1,0
BRDA:819,117,0,0
BRDA:819,117,1,0
BRDA:826,118,0,0
BRDA:826,118,1,0
BRDA:827,119,0,0
BRDA:827,119,1,0
BRDA:828,120,0,0
BRDA:828,120,1,0
BRDA:834,121,0,0
BRDA:834,121,1,0
BRDA:852,122,0,0
BRDA:852,122,1,0
BRDA:862,123,0,0
BRDA:862,123,1,0
BRDA:894,124,0,0
BRDA:894,124,1,0
BRDA:962,125,0,0
BRDA:962,125,1,0
BRDA:965,126,0,0
BRDA:965,126,1,0
BRDA:971,127,0,0
BRDA:971,127,1,0
BRDA:1010,128,0,0
BRDA:1011,129,0,0
BRDA:1011,129,1,0
BRDA:1017,130,0,0
BRDA:1017,130,1,0
BRDA:1017,131,0,0
BRDA:1017,131,1,0
BRDA:1018,132,0,0
BRDA:1018,132,1,0
BRDA:1018,133,0,0
BRDA:1018,133,1,0
BRDA:1019,134,0,0
BRDA:1019,134,1,0
BRDA:1019,135,0,0
BRDA:1019,135,1,0
BRDA:1020,136,0,0
BRDA:1020,136,1,0
BRDA:1020,137,0,0
BRDA:1020,137,1,0
BRDA:1024,138,0,0
BRDA:1024,138,1,0
BRDA:1040,139,0,0
BRDA:1040,139,1,0
BRDA:1064,140,0,0
BRDA:1064,140,1,0
BRDA:1064,140,2,0
BRDA:1068,141,0,0
BRDA:1068,141,1,0
BRDA:1068,142,0,0
BRDA:1068,142,1,0
BRDA:1069,143,0,0
BRDA:1069,143,1,0
BRDA:1069,144,0,0
BRDA:1069,144,1,0
BRDA:1081,145,0,0
BRDA:1081,145,1,0
BRDA:1082,146,0,0
BRDA:1082,146,1,0
BRDA:1082,147,0,0
BRDA:1082,147,1,0
BRDA:1083,148,0,0
BRDA:1083,148,1,0
BRDA:1083,149,0,0
BRDA:1083,149,1,0
BRDA:1086,150,0,0
BRDA:1086,150,1,0
BRDA:1087,151,0,0
BRDA:1087,151,1,0
BRDA:1088,152,0,0
BRDA:1088,152,1,0
BRDA:1089,153,0,0
BRDA:1089,153,1,0
BRDA:1090,154,0,0
BRDA:1090,154,1,0
BRDA:1094,155,0,0
BRDA:1094,155,1,0
BRDA:1094,156,0,0
BRDA:1094,156,1,0
BRDA:1094,157,0,0
BRDA:1094,157,1,0
BRDA:1103,158,0,0
BRDA:1103,158,1,0
BRDA:1103,158,2,0
BRDA:1103,158,3,0
BRDA:1103,158,4,0
BRDA:1108,159,0,0
BRDA:1108,159,1,0
BRDA:1114,160,0,0
BRDA:1114,160,1,0
BRF:335
BRH:0
end_of_record
TN:
SF:src\utils\aiCallHelper.js
FN:10,(anonymous_0)
FN:10,(anonymous_1)
FN:23,(anonymous_2)
FN:27,(anonymous_3)
FN:28,(anonymous_4)
FNF:5
FNH:0
FNDA:0,(anonymous_0)
FNDA:0,(anonymous_1)
FNDA:0,(anonymous_2)
FNDA:0,(anonymous_3)
FNDA:0,(anonymous_4)
DA:10,0
DA:12,0
DA:14,0
DA:16,0
DA:17,0
DA:19,0
DA:20,0
DA:21,0
DA:22,0
DA:23,0
DA:27,0
DA:28,0
DA:29,0
DA:34,0
DA:39,0
DA:40,0
DA:43,0
DA:44,0
DA:45,0
DA:48,0
DA:49,0
DA:54,0
DA:55,0
DA:56,0
DA:59,0
DA:60,0
DA:61,0
DA:65,0
LF:28
LH:0
BRDA:10,0,0,0
BRDA:10,1,0,0
BRDA:17,2,0,0
BRDA:17,2,1,0
BRDA:39,3,0,0
BRDA:39,3,1,0
BRDA:43,4,0,0
BRDA:43,4,1,0
BRDA:45,5,0,0
BRDA:45,5,1,0
BRDA:49,6,0,0
BRDA:49,6,1,0
BRDA:49,6,2,0
BRDA:49,6,3,0
BRDA:54,7,0,0
BRDA:54,7,1,0
BRDA:54,8,0,0
BRDA:54,8,1,0
BRDA:54,8,2,0
BRDA:55,9,0,0
BRDA:55,9,1,0
BRDA:59,10,0,0
BRDA:59,10,1,0
BRDA:61,11,0,0
BRDA:61,11,1,0
BRF:25
BRH:0
end_of_record
TN:
SF:src\utils\aiVerification.js
FN:9,(anonymous_0)
FN:21,(anonymous_1)
FN:33,(anonymous_2)
FN:46,(anonymous_3)
FN:47,(anonymous_4)
FN:211,(anonymous_5)
FN:213,(anonymous_6)
FN:245,(anonymous_7)
FN:250,(anonymous_8)
FN:251,(anonymous_9)
FN:308,(anonymous_10)
FN:312,(anonymous_11)
FN:313,(anonymous_12)
FN:387,(anonymous_13)
FN:391,(anonymous_14)
FN:392,(anonymous_15)
FN:485,(anonymous_16)
FN:504,(anonymous_17)
FN:529,(anonymous_18)
FNF:19
FNH:0
FNDA:0,(anonymous_0)
FNDA:0,(anonymous_1)
FNDA:0,(anonymous_2)
FNDA:0,(anonymous_3)
FNDA:0,(anonymous_4)
FNDA:0,(anonymous_5)
FNDA:0,(anonymous_6)
FNDA:0,(anonymous_7)
FNDA:0,(anonymous_8)
FNDA:0,(anonymous_9)
FNDA:0,(anonymous_10)
FNDA:0,(anonymous_11)
FNDA:0,(anonymous_12)
FNDA:0,(anonymous_13)
FNDA:0,(anonymous_14)
FNDA:0,(anonymous_15)
FNDA:0,(anonymous_16)
FNDA:0,(anonymous_17)
FNDA:0,(anonymous_18)
DA:1,0
DA:4,0
DA:9,0
DA:10,0
DA:11,0
DA:12,0
DA:13,0
DA:14,0
DA:16,0
DA:17,0
DA:21,0
DA:22,0
DA:23,0
DA:24,0
DA:25,0
DA:26,0
DA:28,0
DA:29,0
DA:33,0
DA:35,0
DA:42,0
DA:43,0
DA:44,0
DA:45,0
DA:46,0
DA:47,0
DA:48,0
DA:49,0
DA:50,0
DA:51,0
DA:52,0
DA:54,0
DA:55,0
DA:58,0
DA:59,0
DA:62,0
DA:63,0
DA:64,0
DA:65,0
DA:67,0
DA:68,0
DA:69,0
DA:70,0
DA:71,0
DA:72,0
DA:74,0
DA:75,0
DA:76,0
DA:77,0
DA:78,0
DA:79,0
DA:82,0
DA:83,0
DA:84,0
DA:85,0
DA:86,0
DA:88,0
DA:89,0
DA:90,0
DA:93,0
DA:94,0
DA:95,0
DA:96,0
DA:101,0
DA:102,0
DA:103,0
DA:106,0
DA:112,0
DA:114,0
DA:115,0
DA:118,0
DA:119,0
DA:120,0
DA:121,0
DA:122,0
DA:124,0
DA:125,0
DA:126,0
DA:128,0
DA:129,0
DA:133,0
DA:134,0
DA:137,0
DA:138,0
DA:151,0
DA:153,0
DA:154,0
DA:157,0
DA:158,0
DA:159,0
DA:160,0
DA:161,0
DA:163,0
DA:164,0
DA:166,0
DA:167,0
DA:173,0
DA:174,0
DA:175,0
DA:176,0
DA:177,0
DA:178,0
DA:179,0
DA:180,0
DA:182,0
DA:186,0
DA:187,0
DA:198,0
DA:200,0
DA:203,0
DA:204,0
DA:208,0
DA:209,0
DA:210,0
DA:211,0
DA:212,0
DA:213,0
DA:215,0
DA:217,0
DA:219,0
DA:220,0
DA:221,0
DA:222,0
DA:223,0
DA:224,0
DA:225,0
DA:226,0
DA:227,0
DA:229,0
DA:230,0
DA:233,0
DA:236,0
DA:237,0
DA:240,0
DA:245,0
DA:247,0
DA:249,0
DA:250,0
DA:251,0
DA:252,0
DA:253,0
DA:254,0
DA:255,0
DA:256,0
DA:259,0
DA:260,0
DA:263,0
DA:264,0
DA:265,0
DA:267,0
DA:268,0
DA:269,0
DA:270,0
DA:273,0
DA:274,0
DA:275,0
DA:279,0
DA:280,0
DA:283,0
DA:284,0
DA:286,0
DA:287,0
DA:288,0
DA:289,0
DA:290,0
DA:291,0
DA:293,0
DA:294,0
DA:297,0
DA:299,0
DA:302,0
DA:304,0
DA:308,0
DA:310,0
DA:311,0
DA:312,0
DA:313,0
DA:314,0
DA:315,0
DA:316,0
DA:317,0
DA:318,0
DA:320,0
DA:321,0
DA:324,0
DA:325,0
DA:326,0
DA:329,0
DA:330,0
DA:331,0
DA:332,0
DA:333,0
DA:334,0
DA:337,0
DA:338,0
DA:339,0
DA:340,0
DA:341,0
DA:344,0
DA:349,0
DA:350,0
DA:351,0
DA:354,0
DA:355,0
DA:359,0
DA:360,0
DA:362,0
DA:363,0
DA:365,0
DA:366,0
DA:367,0
DA:368,0
DA:369,0
DA:370,0
DA:372,0
DA:373,0
DA:376,0
DA:378,0
DA:381,0
DA:383,0
DA:387,0
DA:389,0
DA:390,0
DA:391,0
DA:392,0
DA:393,0
DA:394,0
DA:395,0
DA:396,0
DA:397,0
DA:399,0
DA:400,0
DA:403,0
DA:404,0
DA:405,0
DA:408,0
DA:409,0
DA:410,0
DA:412,0
DA:413,0
DA:414,0
DA:415,0
DA:418,0
DA:419,0
DA:422,0
DA:423,0
DA:427,0
DA:428,0
DA:429,0
DA:431,0
DA:432,0
DA:437,0
DA:438,0
DA:440,0
DA:441,0
DA:442,0
DA:443,0
DA:444,0
DA:445,0
DA:447,0
DA:450,0
DA:451,0
DA:452,0
DA:455,0
DA:456,0
DA:458,0
DA:459,0
DA:460,0
DA:461,0
DA:462,0
DA:463,0
DA:464,0
DA:465,0
DA:466,0
DA:468,0
DA:469,0
DA:472,0
DA:474,0
DA:477,0
DA:479,0
DA:485,0
DA:487,0
DA:488,0
DA:489,0
DA:490,0
DA:491,0
DA:492,0
DA:493,0
DA:495,0
DA:504,0
DA:505,0
DA:506,0
DA:507,0
DA:509,0
DA:510,0
DA:512,0
DA:513,0
DA:514,0
DA:516,0
DA:518,0
DA:525,0
DA:526,0
DA:529,0
DA:530,0
DA:531,0
DA:532,0
DA:533,0
DA:534,0
DA:535,0
DA:536,0
DA:537,0
DA:538,0
LF:312
LH:0
BRDA:10,0,0,0
BRDA:10,0,1,0
BRDA:22,1,0,0
BRDA:22,1,1,0
BRDA:90,2,0,0
BRDA:90,2,1,0
BRDA:93,3,0,0
BRDA:93,3,1,0
BRDA:93,4,0,0
BRDA:93,4,1,0
BRDA:112,5,0,0
BRDA:112,5,1,0
BRDA:112,6,0,0
BRDA:112,6,1,0
BRDA:112,6,2,0
BRDA:112,6,3,0
BRDA:128,7,0,0
BRDA:128,7,1,0
BRDA:129,8,0,0
BRDA:129,8,1,0
BRDA:133,9,0,0
BRDA:133,9,1,0
BRDA:137,10,0,0
BRDA:137,10,1,0
BRDA:151,11,0,0
BRDA:151,11,1,0
BRDA:151,12,0,0
BRDA:151,12,1,0
BRDA:163,13,0,0
BRDA:163,13,1,0
BRDA:166,14,0,0
BRDA:166,14,1,0
BRDA:177,15,0,0
BRDA:177,15,1,0
BRDA:180,16,0,0
BRDA:180,16,1,0
BRDA:182,17,0,0
BRDA:182,17,1,0
BRDA:186,18,0,0
BRDA:186,18,1,0
BRDA:186,19,0,0
BRDA:186,19,1,0
BRDA:210,20,0,0
BRDA:210,20,1,0
BRDA:212,21,0,0
BRDA:212,21,1,0
BRDA:219,22,0,0
BRDA:219,22,1,0
BRDA:219,23,0,0
BRDA:219,23,1,0
BRDA:222,24,0,0
BRDA:222,24,1,0
BRDA:222,25,0,0
BRDA:222,25,1,0
BRDA:225,26,0,0
BRDA:225,26,1,0
BRDA:270,27,0,0
BRDA:270,27,1,0
BRDA:273,28,0,0
BRDA:273,28,1,0
BRDA:286,29,0,0
BRDA:286,29,1,0
BRDA:286,30,0,0
BRDA:286,30,1,0
BRDA:289,31,0,0
BRDA:289,31,1,0
BRDA:337,32,0,0
BRDA:337,32,1,0
BRDA:338,33,0,0
BRDA:338,33,1,0
BRDA:354,34,0,0
BRDA:354,34,1,0
BRDA:354,35,0,0
BRDA:354,35,1,0
BRDA:365,36,0,0
BRDA:365,36,1,0
BRDA:365,37,0,0
BRDA:365,37,1,0
BRDA:368,38,0,0
BRDA:368,38,1,0
BRDA:422,39,0,0
BRDA:422,39,1,0
BRDA:422,40,0,0
BRDA:422,40,1,0
BRDA:431,41,0,0
BRDA:431,41,1,0
BRDA:431,42,0,0
BRDA:431,42,1,0
BRDA:431,42,2,0
BRDA:445,43,0,0
BRDA:445,43,1,0
BRDA:458,44,0,0
BRDA:458,44,1,0
BRDA:458,45,0,0
BRDA:458,45,1,0
BRDA:461,46,0,0
BRDA:461,46,1,0
BRDA:461,47,0,0
BRDA:461,47,1,0
BRDA:464,48,0,0
BRDA:464,48,1,0
BRDA:488,49,0,0
BRDA:488,49,1,0
BRDA:490,50,0,0
BRDA:490,50,1,0
BRDA:491,51,0,0
BRDA:491,51,1,0
BRDA:492,52,0,0
BRDA:492,52,1,0
BRDA:493,53,0,0
BRDA:493,53,1,0
BRDA:505,54,0,0
BRDA:505,54,1,0
BRDA:505,55,0,0
BRDA:505,55,1,0
BRDA:530,56,0,0
BRDA:530,56,1,0
BRF:117
BRH:0
end_of_record
TN:
SF:src\utils\fraudDetection.js
FN:5,(anonymous_0)
FN:12,(anonymous_1)
FN:61,(anonymous_2)
FN:87,(anonymous_3)
FN:98,(anonymous_4)
FN:113,(anonymous_5)
FN:170,(anonymous_6)
FN:183,(anonymous_7)
FN:194,(anonymous_8)
FN:212,(anonymous_9)
FN:224,(anonymous_10)
FN:229,(anonymous_11)
FN:235,(anonymous_12)
FN:238,(anonymous_13)
FN:244,(anonymous_14)
FN:251,(anonymous_15)
FN:269,(anonymous_16)
FN:275,(anonymous_17)
FN:278,(anonymous_18)
FN:278,(anonymous_19)
FN:280,(anonymous_20)
FN:287,(anonymous_21)
FN:295,(anonymous_22)
FN:297,(anonymous_23)
FN:308,(anonymous_24)
FN:315,(anonymous_25)
FN:326,(anonymous_26)
FN:335,(anonymous_27)
FN:359,(anonymous_28)
FNF:29
FNH:0
FNDA:0,(anonymous_0)
FNDA:0,(anonymous_1)
FNDA:0,(anonymous_2)
FNDA:0,(anonymous_3)
FNDA:0,(anonymous_4)
FNDA:0,(anonymous_5)
FNDA:0,(anonymous_6)
FNDA:0,(anonymous_7)
FNDA:0,(anonymous_8)
FNDA:0,(anonymous_9)
FNDA:0,(anonymous_10)
FNDA:0,(anonymous_11)
FNDA:0,(anonymous_12)
FNDA:0,(anonymous_13)
FNDA:0,(anonymous_14)
FNDA:0,(anonymous_15)
FNDA:0,(anonymous_16)
FNDA:0,(anonymous_17)
FNDA:0,(anonymous_18)
FNDA:0,(anonymous_19)
FNDA:0,(anonymous_20)
FNDA:0,(anonymous_21)
FNDA:0,(anonymous_22)
FNDA:0,(anonymous_23)
FNDA:0,(anonymous_24)
FNDA:0,(anonymous_25)
FNDA:0,(anonymous_26)
FNDA:0,(anonymous_27)
FNDA:0,(anonymous_28)
DA:6,0
DA:7,0
DA:8,0
DA:13,0
DA:14,0
DA:17,0
DA:18,0
DA:32,0
DA:33,0
DA:34,0
DA:38,0
DA:39,0
DA:53,0
DA:54,0
DA:55,0
DA:58,0
DA:62,0
DA:65,0
DA:66,0
DA:67,0
DA:68,0
DA:69,0
DA:70,0
DA:71,0
DA:73,0
DA:80,0
DA:81,0
DA:84,0
DA:88,0
DA:90,0
DA:91,0
DA:93,0
DA:99,0
DA:100,0
DA:106,0
DA:107,0
DA:108,0
DA:109,0
DA:114,0
DA:115,0
DA:116,0
DA:119,0
DA:122,0
DA:125,0
DA:128,0
DA:131,0
DA:136,0
DA:139,0
DA:142,0
DA:147,0
DA:150,0
DA:153,0
DA:172,0
DA:173,0
DA:175,0
DA:176,0
DA:177,0
DA:180,0
DA:185,0
DA:186,0
DA:188,0
DA:189,0
DA:191,0
DA:196,0
DA:197,0
DA:200,0
DA:201,0
DA:202,0
DA:205,0
DA:206,0
DA:208,0
DA:213,0
DA:214,0
DA:215,0
DA:216,0
DA:217,0
DA:218,0
DA:219,0
DA:220,0
DA:225,0
DA:228,0
DA:229,0
DA:230,0
DA:231,0
DA:232,0
DA:235,0
DA:236,0
DA:237,0
DA:238,0
DA:239,0
DA:240,0
DA:244,0
DA:251,0
DA:252,0
DA:253,0
DA:254,0
DA:256,0
DA:257,0
DA:268,0
DA:269,0
DA:270,0
DA:271,0
DA:272,0
DA:275,0
DA:276,0
DA:277,0
DA:278,0
DA:279,0
DA:280,0
DA:282,0
DA:283,0
DA:287,0
DA:295,0
DA:296,0
DA:297,0
DA:298,0
DA:299,0
DA:300,0
DA:303,0
DA:304,0
DA:308,0
DA:315,0
DA:316,0
DA:321,0
DA:322,0
DA:326,0
DA:331,0
DA:336,0
DA:338,0
DA:339,0
DA:340,0
DA:342,0
DA:343,0
DA:344,0
DA:346,0
DA:355,0
DA:360,0
DA:362,0
DA:363,0
DA:366,0
DA:367,0
DA:370,0
DA:371,0
DA:374,0
DA:375,0
DA:378,0
DA:379,0
DA:380,0
DA:381,0
DA:384,0
LF:150
LH:0
BRDA:62,0,0,0
BRDA:62,0,1,0
BRDA:80,1,0,0
BRDA:80,1,1,0
BRDA:99,2,0,0
BRDA:99,2,1,0
BRDA:115,3,0,0
BRDA:115,3,1,0
BRDA:115,4,0,0
BRDA:115,4,1,0
BRDA:119,5,0,0
BRDA:119,5,1,0
BRDA:122,6,0,0
BRDA:122,6,1,0
BRDA:125,7,0,0
BRDA:125,7,1,0
BRDA:125,8,0,0
BRDA:125,8,1,0
BRDA:128,9,0,0
BRDA:128,9,1,0
BRDA:131,10,0,0
BRDA:131,10,1,0
BRDA:132,11,0,0
BRDA:132,11,1,0
BRDA:133,12,0,0
BRDA:133,12,1,0
BRDA:136,13,0,0
BRDA:136,13,1,0
BRDA:139,14,0,0
BRDA:139,14,1,0
BRDA:142,15,0,0
BRDA:142,15,1,0
BRDA:143,16,0,0
BRDA:143,16,1,0
BRDA:143,17,0,0
BRDA:143,17,1,0
BRDA:144,18,0,0
BRDA:144,18,1,0
BRDA:147,19,0,0
BRDA:147,19,1,0
BRDA:150,20,0,0
BRDA:150,20,1,0
BRDA:162,21,0,0
BRDA:162,21,1,0
BRDA:164,22,0,0
BRDA:164,22,1,0
BRDA:165,23,0,0
BRDA:165,23,1,0
BRDA:172,24,0,0
BRDA:172,24,1,0
BRDA:175,25,0,0
BRDA:175,25,1,0
BRDA:176,26,0,0
BRDA:176,26,1,0
BRDA:177,27,0,0
BRDA:177,27,1,0
BRDA:185,28,0,0
BRDA:185,28,1,0
BRDA:188,29,0,0
BRDA:188,29,1,0
BRDA:189,30,0,0
BRDA:189,30,1,0
BRDA:200,31,0,0
BRDA:200,31,1,0
BRDA:200,32,0,0
BRDA:200,32,1,0
BRDA:201,33,0,0
BRDA:201,33,1,0
BRDA:201,34,0,0
BRDA:201,34,1,0
BRDA:202,35,0,0
BRDA:202,35,1,0
BRDA:205,36,0,0
BRDA:205,36,1,0
BRDA:205,37,0,0
BRDA:205,37,1,0
BRDA:206,38,0,0
BRDA:206,38,1,0
BRDA:206,39,0,0
BRDA:206,39,1,0
BRDA:230,40,0,0
BRDA:230,40,1,0
BRDA:230,40,2,0
BRDA:231,41,0,0
BRDA:231,41,1,0
BRDA:237,42,0,0
BRDA:237,42,1,0
BRDA:238,43,0,0
BRDA:238,43,1,0
BRDA:244,44,0,0
BRDA:244,44,1,0
BRDA:251,45,0,0
BRDA:251,45,1,0
BRDA:251,46,0,0
BRDA:251,46,1,0
BRDA:253,47,0,0
BRDA:253,47,1,0
BRDA:253,48,0,0
BRDA:253,48,1,0
BRDA:256,49,0,0
BRDA:256,49,1,0
BRDA:261,50,0,0
BRDA:261,50,1,0
BRDA:261,51,0,0
BRDA:261,51,1,0
BRDA:270,52,0,0
BRDA:270,52,1,0
BRDA:270,52,2,0
BRDA:271,53,0,0
BRDA:271,53,1,0
BRDA:277,54,0,0
BRDA:277,54,1,0
BRDA:278,55,0,0
BRDA:278,55,1,0
BRDA:282,56,0,0
BRDA:282,56,1,0
BRDA:287,57,0,0
BRDA:287,57,1,0
BRDA:295,58,0,0
BRDA:295,58,1,0
BRDA:296,59,0,0
BRDA:296,59,1,0
BRDA:298,60,0,0
BRDA:298,60,1,0
BRDA:303,61,0,0
BRDA:303,61,1,0
BRDA:308,62,0,0
BRDA:308,62,1,0
BRDA:316,63,0,0
BRDA:316,63,1,0
BRDA:316,63,2,0
BRDA:316,64,0,0
BRDA:316,64,1,0
BRDA:317,65,0,0
BRDA:317,65,1,0
BRDA:318,66,0,0
BRDA:318,66,1,0
BRDA:321,67,0,0
BRDA:321,67,1,0
BRDA:326,68,0,0
BRDA:326,68,1,0
BRDA:343,69,0,0
BRDA:343,69,1,0
BRDA:344,70,0,0
BRDA:344,70,1,0
BRDA:347,71,0,0
BRDA:347,71,1,0
BRDA:362,72,0,0
BRDA:362,72,1,0
BRDA:362,73,0,0
BRDA:362,73,1,0
BRDA:366,74,0,0
BRDA:366,74,1,0
BRDA:366,75,0,0
BRDA:366,75,1,0
BRDA:370,76,0,0
BRDA:370,76,1,0
BRDA:370,77,0,0
BRDA:370,77,1,0
BRDA:374,78,0,0
BRDA:374,78,1,0
BRDA:374,79,0,0
BRDA:374,79,1,0
BRDA:379,80,0,0
BRDA:379,80,1,0
BRDA:380,81,0,0
BRDA:380,81,1,0
BRF:167
BRH:0
end_of_record
TN:
SF:src\utils\mistralCallHelper.js
FN:6,(anonymous_0)
FN:6,(anonymous_1)
FN:13,(anonymous_2)
FN:19,(anonymous_3)
FNF:4
FNH:0
FNDA:0,(anonymous_0)
FNDA:0,(anonymous_1)
FNDA:0,(anonymous_2)
FNDA:0,(anonymous_3)
DA:6,0
DA:8,0
DA:9,0
DA:11,0
DA:12,0
DA:13,0
DA:15,0
DA:16,0
DA:17,0
DA:18,0
DA:19,0
DA:22,0
DA:38,0
DA:40,0
DA:41,0
DA:42,0
DA:45,0
DA:46,0
DA:49,0
DA:50,0
DA:52,0
DA:56,0
DA:57,0
DA:60,0
DA:63,0
LF:25
LH:0
BRDA:6,0,0,0
BRDA:6,1,0,0
BRDA:16,2,0,0
BRDA:16,2,1,0
BRDA:40,3,0,0
BRDA:40,3,1,0
BRDA:42,4,0,0
BRDA:42,4,1,0
BRDA:52,5,0,0
BRDA:52,5,1,0
BRDA:52,5,2,0
BRDA:56,6,0,0
BRDA:56,6,1,0
BRDA:56,7,0,0
BRDA:56,7,1,0
BRF:15
BRH:0
end_of_record
TN:
SF:src\utils\normalize.js
FN:5,(anonymous_0)
FNF:1
FNH:1
FNDA:5,(anonymous_0)
DA:5,1
DA:6,5
LF:2
LH:2
BRDA:6,0,0,5
BRDA:6,0,1,2
BRF:2
BRH:2
end_of_record
TN:
SF:src\utils\privacy.js
FN:7,(anonymous_0)
FN:18,(anonymous_1)
FN:27,(anonymous_2)
FNF:3
FNH:0
FNDA:0,(anonymous_0)
FNDA:0,(anonymous_1)
FNDA:0,(anonymous_2)
DA:7,0
DA:8,0
DA:9,0
DA:10,0
DA:11,0
DA:18,0
DA:19,0
DA:20,0
DA:21,0
DA:27,0
DA:28,0
DA:29,0
LF:12
LH:0
BRDA:7,0,0,0
BRDA:8,1,0,0
BRDA:8,1,1,0
BRDA:28,2,0,0
BRDA:28,2,1,0
BRF:5
BRH:0
end_of_record
